<?xml version="1.0" encoding="UTF-8"?>
<coverage generated="1701870920401" clover="3.2.0">
  <project timestamp="1701870920401" name="All files">
    <metrics statements="158" coveredstatements="149" conditionals="68" coveredconditionals="55" methods="43" coveredmethods="38" elements="269" coveredelements="242" complexity="0" loc="158" ncloc="158" packages="5" files="12" classes="12"/>
    <package name="src">
      <metrics statements="11" coveredstatements="9" conditionals="0" coveredconditionals="0" methods="3" coveredmethods="3"/>
      <file name="App.tsx" path="/Users/christianscheub/Documents/Develope/Capacitor/Repos/LocalNotes/TypeScript_Capacitor_LocalNotes/src/App.tsx">
        <metrics statements="9" coveredstatements="9" conditionals="0" coveredconditionals="0" methods="3" coveredmethods="3"/>
        <line num="11" count="2" type="stmt"/>
        <line num="12" count="5" type="stmt"/>
        <line num="13" count="5" type="stmt"/>
        <line num="14" count="5" type="stmt"/>
        <line num="16" count="5" type="stmt"/>
        <line num="17" count="1" type="stmt"/>
        <line num="18" count="1" type="stmt"/>
        <line num="21" count="5" type="stmt"/>
        <line num="26" count="1" type="stmt"/>
      </file>
      <file name="index.tsx" path="/Users/christianscheub/Documents/Develope/Capacitor/Repos/LocalNotes/TypeScript_Capacitor_LocalNotes/src/index.tsx">
        <metrics statements="2" coveredstatements="0" conditionals="0" coveredconditionals="0" methods="0" coveredmethods="0"/>
        <line num="6" count="0" type="stmt"/>
        <line num="9" count="0" type="stmt"/>
      </file>
    </package>
    <package name="src.custom_components">
      <metrics statements="24" coveredstatements="24" conditionals="4" coveredconditionals="4" methods="8" coveredmethods="8"/>
      <file name="encryption_modal.tsx" path="/Users/christianscheub/Documents/Develope/Capacitor/Repos/LocalNotes/TypeScript_Capacitor_LocalNotes/src/custom_components/encryption_modal.tsx">
        <metrics statements="8" coveredstatements="8" conditionals="0" coveredconditionals="0" methods="3" coveredmethods="3"/>
        <line num="12" count="3" type="stmt"/>
        <line num="13" count="9" type="stmt"/>
        <line num="15" count="9" type="stmt"/>
        <line num="16" count="2" type="stmt"/>
        <line num="17" count="2" type="stmt"/>
        <line num="18" count="2" type="stmt"/>
        <line num="21" count="9" type="stmt"/>
        <line num="33" count="1" type="stmt"/>
      </file>
      <file name="navBar.tsx" path="/Users/christianscheub/Documents/Develope/Capacitor/Repos/LocalNotes/TypeScript_Capacitor_LocalNotes/src/custom_components/navBar.tsx">
        <metrics statements="16" coveredstatements="16" conditionals="4" coveredconditionals="4" methods="5" coveredmethods="5"/>
        <line num="12" count="3" type="stmt"/>
        <line num="13" count="14" type="stmt"/>
        <line num="14" count="14" type="stmt"/>
        <line num="15" count="14" type="stmt"/>
        <line num="17" count="14" type="stmt"/>
        <line num="18" count="1" type="stmt"/>
        <line num="21" count="14" type="stmt"/>
        <line num="22" count="1" type="stmt"/>
        <line num="25" count="14" type="stmt"/>
        <line num="26" count="2" type="stmt"/>
        <line num="27" count="2" type="stmt"/>
        <line num="30" count="14" type="stmt"/>
        <line num="31" count="1" type="stmt"/>
        <line num="32" count="1" type="stmt"/>
        <line num="36" count="14" type="cond" truecount="2" falsecount="0"/>
        <line num="39" count="14" type="stmt"/>
      </file>
    </package>
    <package name="src.custom_components.handleNotes">
      <metrics statements="50" coveredstatements="50" conditionals="20" coveredconditionals="20" methods="14" coveredmethods="14"/>
      <file name="editNote.tsx" path="/Users/christianscheub/Documents/Develope/Capacitor/Repos/LocalNotes/TypeScript_Capacitor_LocalNotes/src/custom_components/handleNotes/editNote.tsx">
        <metrics statements="22" coveredstatements="22" conditionals="12" coveredconditionals="12" methods="6" coveredmethods="6"/>
        <line num="12" count="3" type="stmt"/>
        <line num="13" count="16" type="cond" truecount="2" falsecount="0"/>
        <line num="14" count="16" type="stmt"/>
        <line num="15" count="16" type="stmt"/>
        <line num="17" count="16" type="stmt"/>
        <line num="18" count="7" type="stmt"/>
        <line num="19" count="7" type="cond" truecount="2" falsecount="0"/>
        <line num="20" count="6" type="stmt"/>
        <line num="22" count="1" type="stmt"/>
        <line num="25" count="16" type="stmt"/>
        <line num="26" count="9" type="cond" truecount="2" falsecount="0"/>
        <line num="27" count="7" type="stmt"/>
        <line num="31" count="16" type="stmt"/>
        <line num="32" count="3" type="stmt"/>
        <line num="36" count="3" type="cond" truecount="2" falsecount="0"/>
        <line num="37" count="3" type="stmt"/>
        <line num="40" count="16" type="stmt"/>
        <line num="41" count="2" type="cond" truecount="2" falsecount="0"/>
        <line num="45" count="1" type="stmt"/>
        <line num="46" count="1" type="stmt"/>
        <line num="50" count="16" type="stmt"/>
        <line num="60" count="1" type="stmt"/>
      </file>
      <file name="getNotes.ts" path="/Users/christianscheub/Documents/Develope/Capacitor/Repos/LocalNotes/TypeScript_Capacitor_LocalNotes/src/custom_components/handleNotes/getNotes.ts">
        <metrics statements="17" coveredstatements="17" conditionals="4" coveredconditionals="4" methods="3" coveredmethods="3"/>
        <line num="9" count="4" type="stmt"/>
        <line num="10" count="27" type="stmt"/>
        <line num="12" count="27" type="stmt"/>
        <line num="13" count="12" type="stmt"/>
        <line num="14" count="12" type="stmt"/>
        <line num="15" count="10" type="stmt"/>
        <line num="16" count="10" type="cond" truecount="2" falsecount="0"/>
        <line num="17" count="9" type="stmt"/>
        <line num="18" count="9" type="cond" truecount="2" falsecount="0"/>
        <line num="19" count="8" type="stmt"/>
        <line num="20" count="8" type="stmt"/>
        <line num="21" count="8" type="stmt"/>
        <line num="22" count="8" type="stmt"/>
        <line num="28" count="12" type="stmt"/>
        <line num="29" count="8" type="stmt"/>
        <line num="32" count="12" type="stmt"/>
        <line num="35" count="27" type="stmt"/>
      </file>
      <file name="viewNote.tsx" path="/Users/christianscheub/Documents/Develope/Capacitor/Repos/LocalNotes/TypeScript_Capacitor_LocalNotes/src/custom_components/handleNotes/viewNote.tsx">
        <metrics statements="11" coveredstatements="11" conditionals="4" coveredconditionals="4" methods="5" coveredmethods="5"/>
        <line num="13" count="3" type="stmt"/>
        <line num="14" count="17" type="stmt"/>
        <line num="15" count="17" type="stmt"/>
        <line num="17" count="17" type="stmt"/>
        <line num="18" count="1" type="stmt"/>
        <line num="21" count="17" type="stmt"/>
        <line num="22" count="22" type="cond" truecount="2" falsecount="0"/>
        <line num="23" count="5" type="stmt"/>
        <line num="26" count="17" type="stmt"/>
        <line num="32" count="10" type="stmt"/>
        <line num="40" count="1" type="stmt"/>
      </file>
    </package>
    <package name="src.modules.app_configuration">
      <metrics statements="1" coveredstatements="1" conditionals="0" coveredconditionals="0" methods="0" coveredmethods="0"/>
      <file name="app_texts.ts" path="/Users/christianscheub/Documents/Develope/Capacitor/Repos/LocalNotes/TypeScript_Capacitor_LocalNotes/src/modules/app_configuration/app_texts.ts">
        <metrics statements="1" coveredstatements="1" conditionals="0" coveredconditionals="0" methods="0" coveredmethods="0"/>
        <line num="1" count="2" type="stmt"/>
      </file>
    </package>
    <package name="src.modules.legal">
      <metrics statements="72" coveredstatements="65" conditionals="44" coveredconditionals="31" methods="18" coveredmethods="13"/>
      <file name="codeToTextParser.tsx" path="/Users/christianscheub/Documents/Develope/Capacitor/Repos/LocalNotes/TypeScript_Capacitor_LocalNotes/src/modules/legal/codeToTextParser.tsx">
        <metrics statements="22" coveredstatements="22" conditionals="6" coveredconditionals="6" methods="3" coveredmethods="3"/>
        <line num="7" count="5" type="stmt"/>
        <line num="8" count="13" type="stmt"/>
        <line num="9" count="13" type="stmt"/>
        <line num="10" count="13" type="stmt"/>
        <line num="11" count="13" type="stmt"/>
        <line num="12" count="14" type="stmt"/>
        <line num="13" count="14" type="stmt"/>
        <line num="14" count="14" type="stmt"/>
        <line num="15" count="14" type="stmt"/>
        <line num="16" count="6" type="stmt"/>
        <line num="17" count="6" type="cond" truecount="2" falsecount="0"/>
        <line num="18" count="5" type="stmt"/>
        <line num="20" count="6" type="stmt"/>
        <line num="21" count="6" type="stmt"/>
        <line num="22" count="6" type="stmt"/>
        <line num="23" count="6" type="stmt"/>
        <line num="25" count="14" type="stmt"/>
        <line num="26" count="14" type="cond" truecount="2" falsecount="0"/>
        <line num="27" count="12" type="stmt"/>
        <line num="29" count="14" type="stmt"/>
        <line num="36" count="13" type="stmt"/>
        <line num="39" count="13" type="stmt"/>
      </file>
      <file name="cookieConsentBanner.tsx" path="/Users/christianscheub/Documents/Develope/Capacitor/Repos/LocalNotes/TypeScript_Capacitor_LocalNotes/src/modules/legal/cookieConsentBanner.tsx">
        <metrics statements="42" coveredstatements="35" conditionals="38" coveredconditionals="25" methods="11" coveredmethods="6"/>
        <line num="5" count="1" type="stmt"/>
        <line num="6" count="14" type="stmt"/>
        <line num="7" count="14" type="stmt"/>
        <line num="9" count="14" type="stmt"/>
        <line num="11" count="14" type="stmt"/>
        <line num="12" count="14" type="stmt"/>
        <line num="13" count="14" type="stmt"/>
        <line num="15" count="14" type="stmt"/>
        <line num="16" count="5" type="stmt"/>
        <line num="17" count="5" type="stmt"/>
        <line num="18" count="5" type="stmt"/>
        <line num="19" count="5" type="cond" truecount="1" falsecount="1"/>
        <line num="23" count="0" type="stmt"/>
        <line num="27" count="14" type="stmt"/>
        <line num="28" count="1" type="stmt"/>
        <line num="29" count="1" type="stmt"/>
        <line num="30" count="1" type="stmt"/>
        <line num="31" count="1" type="stmt"/>
        <line num="34" count="14" type="stmt"/>
        <line num="35" count="2" type="stmt"/>
        <line num="36" count="2" type="stmt"/>
        <line num="37" count="2" type="stmt"/>
        <line num="38" count="2" type="stmt"/>
        <line num="39" count="2" type="stmt"/>
        <line num="42" count="14" type="stmt"/>
        <line num="43" count="1" type="stmt"/>
        <line num="44" count="1" type="cond" truecount="1" falsecount="1"/>
        <line num="45" count="0" type="stmt"/>
        <line num="49" count="1" type="cond" truecount="1" falsecount="1"/>
        <line num="50" count="0" type="stmt"/>
        <line num="55" count="1" type="cond" truecount="3" falsecount="1"/>
        <line num="56" count="0" type="stmt"/>
        <line num="58" count="1" type="stmt"/>
        <line num="59" count="1" type="stmt"/>
        <line num="63" count="14" type="stmt"/>
        <line num="64" count="2" type="stmt"/>
        <line num="67" count="14" type="cond" truecount="2" falsecount="0"/>
        <line num="68" count="5" type="stmt"/>
        <line num="71" count="9" type="stmt"/>
        <line num="198" count="0" type="stmt"/>
        <line num="208" count="0" type="stmt"/>
        <line num="217" count="0" type="stmt"/>
      </file>
      <file name="datenschutz.tsx" path="/Users/christianscheub/Documents/Develope/Capacitor/Repos/LocalNotes/TypeScript_Capacitor_LocalNotes/src/modules/legal/datenschutz.tsx">
        <metrics statements="4" coveredstatements="4" conditionals="0" coveredconditionals="0" methods="2" coveredmethods="2"/>
        <line num="8" count="3" type="stmt"/>
        <line num="9" count="3" type="stmt"/>
        <line num="11" count="3" type="stmt"/>
        <line num="18" count="1" type="stmt"/>
      </file>
      <file name="impressum.tsx" path="/Users/christianscheub/Documents/Develope/Capacitor/Repos/LocalNotes/TypeScript_Capacitor_LocalNotes/src/modules/legal/impressum.tsx">
        <metrics statements="4" coveredstatements="4" conditionals="0" coveredconditionals="0" methods="2" coveredmethods="2"/>
        <line num="9" count="3" type="stmt"/>
        <line num="10" count="3" type="stmt"/>
        <line num="12" count="3" type="stmt"/>
        <line num="17" count="1" type="stmt"/>
      </file>
    </package>
  </project>
</coverage>
