<?xml version="1.0" encoding="UTF-8"?>
<coverage generated="1752405771861" clover="3.2.0">
  <project timestamp="1752405771861" name="All files">
    <metrics statements="402" coveredstatements="351" conditionals="126" coveredconditionals="83" methods="98" coveredmethods="84" elements="626" coveredelements="518" complexity="0" loc="402" ncloc="402" packages="13" files="24" classes="24"/>
    <package name="src">
      <metrics statements="8" coveredstatements="8" conditionals="2" coveredconditionals="2" methods="1" coveredmethods="1"/>
      <file name="App.tsx" path="/home/runner/work/TypeScript_Capacitor_LocalNotes/TypeScript_Capacitor_LocalNotes/src/App.tsx">
        <metrics statements="4" coveredstatements="4" conditionals="2" coveredconditionals="2" methods="1" coveredmethods="1"/>
        <line num="13" count="2" type="stmt"/>
        <line num="14" count="6" type="stmt"/>
        <line num="15" count="6" type="stmt"/>
        <line num="17" count="6" type="stmt"/>
      </file>
      <file name="i18n.ts" path="/home/runner/work/TypeScript_Capacitor_LocalNotes/TypeScript_Capacitor_LocalNotes/src/i18n.ts">
        <metrics statements="2" coveredstatements="2" conditionals="0" coveredconditionals="0" methods="0" coveredmethods="0"/>
        <line num="21" count="18" type="stmt"/>
        <line num="54" count="18" type="stmt"/>
      </file>
      <file name="index.tsx" path="/home/runner/work/TypeScript_Capacitor_LocalNotes/TypeScript_Capacitor_LocalNotes/src/index.tsx">
        <metrics statements="2" coveredstatements="2" conditionals="0" coveredconditionals="0" methods="0" coveredmethods="0"/>
        <line num="6" count="1" type="stmt"/>
        <line num="9" count="1" type="stmt"/>
      </file>
    </package>
    <package name="src.custom_components.handleNotes">
      <metrics statements="40" coveredstatements="36" conditionals="2" coveredconditionals="2" methods="7" coveredmethods="6"/>
      <file name="encryptionEngine.ts" path="/home/runner/work/TypeScript_Capacitor_LocalNotes/TypeScript_Capacitor_LocalNotes/src/custom_components/handleNotes/encryptionEngine.ts">
        <metrics statements="40" coveredstatements="36" conditionals="2" coveredconditionals="2" methods="7" coveredmethods="6"/>
        <line num="4" count="5" type="stmt"/>
        <line num="8" count="36" type="stmt"/>
        <line num="9" count="36" type="stmt"/>
        <line num="11" count="36" type="stmt"/>
        <line num="16" count="36" type="stmt"/>
        <line num="19" count="5" type="stmt"/>
        <line num="23" count="0" type="stmt"/>
        <line num="24" count="0" type="stmt"/>
        <line num="25" count="0" type="stmt"/>
        <line num="30" count="0" type="stmt"/>
        <line num="33" count="5" type="stmt"/>
        <line num="38" count="20" type="stmt"/>
        <line num="39" count="20" type="stmt"/>
        <line num="40" count="20" type="stmt"/>
        <line num="42" count="20" type="stmt"/>
        <line num="48" count="20" type="stmt"/>
        <line num="49" count="20" type="stmt"/>
        <line num="54" count="20" type="stmt"/>
        <line num="57" count="5" type="stmt"/>
        <line num="61" count="24" type="stmt"/>
        <line num="63" count="24" type="cond" truecount="2" falsecount="0"/>
        <line num="64" count="2" type="stmt"/>
        <line num="67" count="22" type="stmt"/>
        <line num="72" count="21" type="stmt"/>
        <line num="73" count="21" type="stmt"/>
        <line num="74" count="16" type="stmt"/>
        <line num="80" count="16" type="stmt"/>
        <line num="83" count="5" type="stmt"/>
        <line num="84" count="48" type="stmt"/>
        <line num="85" count="48" type="stmt"/>
        <line num="88" count="5" type="stmt"/>
        <line num="91" count="3" type="stmt"/>
        <line num="92" count="3" type="stmt"/>
        <line num="93" count="3" type="stmt"/>
        <line num="98" count="3" type="stmt"/>
        <line num="104" count="5" type="stmt"/>
        <line num="107" count="1" type="stmt"/>
        <line num="108" count="1" type="stmt"/>
        <line num="109" count="1" type="stmt"/>
        <line num="114" count="1" type="stmt"/>
      </file>
    </package>
    <package name="src.custom_components.handleNotes.editNote">
      <metrics statements="28" coveredstatements="28" conditionals="4" coveredconditionals="2" methods="7" coveredmethods="7"/>
      <file name="container-editNote.tsx" path="/home/runner/work/TypeScript_Capacitor_LocalNotes/TypeScript_Capacitor_LocalNotes/src/custom_components/handleNotes/editNote/container-editNote.tsx">
        <metrics statements="22" coveredstatements="22" conditionals="4" coveredconditionals="2" methods="4" coveredmethods="4"/>
        <line num="10" count="3" type="stmt"/>
        <line num="11" count="14" type="stmt"/>
        <line num="12" count="14" type="stmt"/>
        <line num="14" count="14" type="stmt"/>
        <line num="15" count="14" type="stmt"/>
        <line num="16" count="14" type="stmt"/>
        <line num="18" count="14" type="stmt"/>
        <line num="19" count="5" type="stmt"/>
        <line num="20" count="5" type="cond" truecount="1" falsecount="1"/>
        <line num="21" count="5" type="stmt"/>
        <line num="22" count="5" type="stmt"/>
        <line num="23" count="5" type="stmt"/>
        <line num="24" count="3" type="stmt"/>
        <line num="25" count="3" type="stmt"/>
        <line num="26" count="3" type="stmt"/>
        <line num="33" count="5" type="stmt"/>
        <line num="37" count="14" type="stmt"/>
        <line num="38" count="2" type="stmt"/>
        <line num="43" count="2" type="stmt"/>
        <line num="44" count="2" type="cond" truecount="1" falsecount="1"/>
        <line num="45" count="2" type="stmt"/>
        <line num="48" count="14" type="stmt"/>
      </file>
      <file name="screen-editNote.tsx" path="/home/runner/work/TypeScript_Capacitor_LocalNotes/TypeScript_Capacitor_LocalNotes/src/custom_components/handleNotes/editNote/screen-editNote.tsx">
        <metrics statements="6" coveredstatements="6" conditionals="0" coveredconditionals="0" methods="3" coveredmethods="3"/>
        <line num="16" count="3" type="stmt"/>
        <line num="24" count="14" type="stmt"/>
        <line num="27" count="14" type="stmt"/>
        <line num="29" count="14" type="stmt"/>
        <line num="45" count="3" type="stmt"/>
        <line num="89" count="3" type="stmt"/>
      </file>
    </package>
    <package name="src.custom_components.handleNotes.viewNote">
      <metrics statements="41" coveredstatements="39" conditionals="12" coveredconditionals="9" methods="13" coveredmethods="13"/>
      <file name="container-viewNote.tsx" path="/home/runner/work/TypeScript_Capacitor_LocalNotes/TypeScript_Capacitor_LocalNotes/src/custom_components/handleNotes/viewNote/container-viewNote.tsx">
        <metrics statements="9" coveredstatements="9" conditionals="0" coveredconditionals="0" methods="3" coveredmethods="3"/>
        <line num="13" count="3" type="stmt"/>
        <line num="14" count="12" type="stmt"/>
        <line num="15" count="12" type="stmt"/>
        <line num="17" count="12" type="stmt"/>
        <line num="19" count="12" type="stmt"/>
        <line num="20" count="1" type="stmt"/>
        <line num="23" count="12" type="stmt"/>
        <line num="24" count="1" type="stmt"/>
        <line num="27" count="12" type="stmt"/>
      </file>
      <file name="getNotes.ts" path="/home/runner/work/TypeScript_Capacitor_LocalNotes/TypeScript_Capacitor_LocalNotes/src/custom_components/handleNotes/viewNote/getNotes.ts">
        <metrics statements="24" coveredstatements="23" conditionals="8" coveredconditionals="6" methods="6" coveredmethods="6"/>
        <line num="13" count="3" type="stmt"/>
        <line num="14" count="10" type="stmt"/>
        <line num="15" count="10" type="stmt"/>
        <line num="17" count="10" type="cond" truecount="2" falsecount="0"/>
        <line num="19" count="0" type="stmt"/>
        <line num="23" count="3" type="stmt"/>
        <line num="24" count="12" type="stmt"/>
        <line num="26" count="12" type="stmt"/>
        <line num="27" count="6" type="stmt"/>
        <line num="28" count="6" type="stmt"/>
        <line num="29" count="6" type="stmt"/>
        <line num="30" count="16" type="stmt"/>
        <line num="31" count="16" type="cond" truecount="1" falsecount="1"/>
        <line num="32" count="16" type="stmt"/>
        <line num="33" count="16" type="stmt"/>
        <line num="34" count="10" type="cond" truecount="3" falsecount="1"/>
        <line num="35" count="10" type="stmt"/>
        <line num="36" count="10" type="stmt"/>
        <line num="49" count="6" type="stmt"/>
        <line num="50" count="10" type="stmt"/>
        <line num="52" count="6" type="stmt"/>
        <line num="54" count="6" type="stmt"/>
        <line num="56" count="6" type="stmt"/>
        <line num="59" count="12" type="stmt"/>
      </file>
      <file name="screen-viewNote.tsx" path="/home/runner/work/TypeScript_Capacitor_LocalNotes/TypeScript_Capacitor_LocalNotes/src/custom_components/handleNotes/viewNote/screen-viewNote.tsx">
        <metrics statements="8" coveredstatements="7" conditionals="4" coveredconditionals="3" methods="4" coveredmethods="4"/>
        <line num="21" count="3" type="stmt"/>
        <line num="26" count="12" type="stmt"/>
        <line num="27" count="33" type="cond" truecount="1" falsecount="1"/>
        <line num="28" count="0" type="stmt"/>
        <line num="30" count="12" type="stmt"/>
        <line num="32" count="12" type="stmt"/>
        <line num="41" count="14" type="stmt"/>
        <line num="50" count="1" type="stmt"/>
      </file>
    </package>
    <package name="src.custom_components.notNotesRelated">
      <metrics statements="44" coveredstatements="43" conditionals="14" coveredconditionals="13" methods="6" coveredmethods="6"/>
      <file name="fingerprintLogic.ts" path="/home/runner/work/TypeScript_Capacitor_LocalNotes/TypeScript_Capacitor_LocalNotes/src/custom_components/notNotesRelated/fingerprintLogic.ts">
        <metrics statements="44" coveredstatements="43" conditionals="14" coveredconditionals="13" methods="6" coveredmethods="6"/>
        <line num="6" count="3" type="stmt"/>
        <line num="7" count="2" type="stmt"/>
        <line num="8" count="2" type="stmt"/>
        <line num="11" count="3" type="stmt"/>
        <line num="19" count="5" type="stmt"/>
        <line num="20" count="5" type="stmt"/>
        <line num="22" count="5" type="cond" truecount="2" falsecount="0"/>
        <line num="23" count="1" type="stmt"/>
        <line num="24" count="1" type="stmt"/>
        <line num="27" count="3" type="stmt"/>
        <line num="31" count="2" type="stmt"/>
        <line num="32" count="1" type="stmt"/>
        <line num="34" count="3" type="cond" truecount="2" falsecount="0"/>
        <line num="35" count="1" type="stmt"/>
        <line num="36" count="1" type="stmt"/>
        <line num="39" count="2" type="stmt"/>
        <line num="41" count="2" type="cond" truecount="2" falsecount="0"/>
        <line num="42" count="1" type="stmt"/>
        <line num="43" count="1" type="stmt"/>
        <line num="44" count="1" type="stmt"/>
        <line num="47" count="1" type="stmt"/>
        <line num="48" count="1" type="stmt"/>
        <line num="53" count="1" type="stmt"/>
        <line num="56" count="1" type="cond" truecount="1" falsecount="1"/>
        <line num="57" count="1" type="stmt"/>
        <line num="59" count="0" type="stmt"/>
        <line num="64" count="3" type="stmt"/>
        <line num="71" count="4" type="stmt"/>
        <line num="72" count="4" type="stmt"/>
        <line num="74" count="4" type="cond" truecount="4" falsecount="0"/>
        <line num="75" count="1" type="stmt"/>
        <line num="76" count="1" type="stmt"/>
        <line num="79" count="3" type="cond" truecount="2" falsecount="0"/>
        <line num="80" count="1" type="stmt"/>
        <line num="81" count="1" type="stmt"/>
        <line num="84" count="1" type="stmt"/>
        <line num="85" count="1" type="stmt"/>
        <line num="90" count="1" type="stmt"/>
        <line num="92" count="1" type="stmt"/>
        <line num="94" count="1" type="stmt"/>
        <line num="98" count="3" type="stmt"/>
        <line num="99" count="5" type="stmt"/>
        <line num="100" count="5" type="stmt"/>
        <line num="102" count="5" type="stmt"/>
      </file>
    </package>
    <package name="src.custom_components.notNotesRelated.encryption_modal">
      <metrics statements="34" coveredstatements="33" conditionals="16" coveredconditionals="16" methods="15" coveredmethods="14"/>
      <file name="container-encryption-modal.tsx" path="/home/runner/work/TypeScript_Capacitor_LocalNotes/TypeScript_Capacitor_LocalNotes/src/custom_components/notNotesRelated/encryption_modal/container-encryption-modal.tsx">
        <metrics statements="28" coveredstatements="28" conditionals="8" coveredconditionals="8" methods="12" coveredmethods="12"/>
        <line num="18" count="3" type="stmt"/>
        <line num="19" count="27" type="stmt"/>
        <line num="20" count="27" type="stmt"/>
        <line num="21" count="27" type="stmt"/>
        <line num="22" count="27" type="stmt"/>
        <line num="25" count="27" type="stmt"/>
        <line num="28" count="27" type="stmt"/>
        <line num="29" count="12" type="stmt"/>
        <line num="30" count="12" type="cond" truecount="2" falsecount="0"/>
        <line num="31" count="7" type="stmt"/>
        <line num="34" count="12" type="stmt"/>
        <line num="37" count="27" type="stmt"/>
        <line num="38" count="19" type="cond" truecount="2" falsecount="0"/>
        <line num="41" count="27" type="stmt"/>
        <line num="42" count="3" type="stmt"/>
        <line num="43" count="3" type="stmt"/>
        <line num="44" count="3" type="stmt"/>
        <line num="47" count="27" type="stmt"/>
        <line num="48" count="4" type="stmt"/>
        <line num="51" count="2" type="stmt"/>
        <line num="54" count="1" type="stmt"/>
        <line num="55" count="1" type="stmt"/>
        <line num="56" count="1" type="stmt"/>
        <line num="59" count="1" type="stmt"/>
        <line num="65" count="1" type="stmt"/>
        <line num="68" count="1" type="stmt"/>
        <line num="74" count="27" type="stmt"/>
        <line num="81" count="1" type="stmt"/>
      </file>
      <file name="screen-encryption-modal.tsx" path="/home/runner/work/TypeScript_Capacitor_LocalNotes/TypeScript_Capacitor_LocalNotes/src/custom_components/notNotesRelated/encryption_modal/screen-encryption-modal.tsx">
        <metrics statements="6" coveredstatements="5" conditionals="8" coveredconditionals="8" methods="3" coveredmethods="2"/>
        <line num="20" count="4" type="stmt"/>
        <line num="28" count="31" type="stmt"/>
        <line num="29" count="31" type="stmt"/>
        <line num="33" count="31" type="stmt"/>
        <line num="45" count="0" type="stmt"/>
        <line num="106" count="5" type="stmt"/>
      </file>
    </package>
    <package name="src.custom_components.notNotesRelated.navBar">
      <metrics statements="26" coveredstatements="22" conditionals="19" coveredconditionals="13" methods="7" coveredmethods="6"/>
      <file name="container-navBar.tsx" path="/home/runner/work/TypeScript_Capacitor_LocalNotes/TypeScript_Capacitor_LocalNotes/src/custom_components/notNotesRelated/navBar/container-navBar.tsx">
        <metrics statements="24" coveredstatements="20" conditionals="13" coveredconditionals="8" methods="6" coveredmethods="5"/>
        <line num="10" count="7" type="stmt"/>
        <line num="13" count="10" type="stmt"/>
        <line num="14" count="10" type="stmt"/>
        <line num="15" count="10" type="stmt"/>
        <line num="16" count="10" type="stmt"/>
        <line num="19" count="10" type="stmt"/>
        <line num="20" count="10" type="stmt"/>
        <line num="22" count="10" type="stmt"/>
        <line num="23" count="1" type="cond" truecount="1" falsecount="1"/>
        <line num="24" count="1" type="stmt"/>
        <line num="26" count="0" type="stmt"/>
        <line num="30" count="10" type="stmt"/>
        <line num="31" count="1" type="stmt"/>
        <line num="34" count="10" type="stmt"/>
        <line num="35" count="2" type="stmt"/>
        <line num="36" count="2" type="stmt"/>
        <line num="39" count="10" type="stmt"/>
        <line num="40" count="1" type="stmt"/>
        <line num="41" count="1" type="stmt"/>
        <line num="44" count="10" type="stmt"/>
        <line num="45" count="0" type="cond" truecount="0" falsecount="4"/>
        <line num="46" count="0" type="stmt"/>
        <line num="47" count="0" type="stmt"/>
        <line num="51" count="10" type="stmt"/>
      </file>
      <file name="screen-navBar.tsx" path="/home/runner/work/TypeScript_Capacitor_LocalNotes/TypeScript_Capacitor_LocalNotes/src/custom_components/notNotesRelated/navBar/screen-navBar.tsx">
        <metrics statements="2" coveredstatements="2" conditionals="6" coveredconditionals="5" methods="1" coveredmethods="1"/>
        <line num="20" count="7" type="stmt"/>
        <line num="32" count="10" type="stmt"/>
      </file>
    </package>
    <package name="src.custom_components.notNotesRelated.settings">
      <metrics statements="109" coveredstatements="70" conditionals="38" coveredconditionals="11" methods="23" coveredmethods="14"/>
      <file name="container_settings.tsx" path="/home/runner/work/TypeScript_Capacitor_LocalNotes/TypeScript_Capacitor_LocalNotes/src/custom_components/notNotesRelated/settings/container_settings.tsx">
        <metrics statements="99" coveredstatements="60" conditionals="30" coveredconditionals="5" methods="16" coveredmethods="8"/>
        <line num="16" count="3" type="stmt"/>
        <line num="17" count="8" type="stmt"/>
        <line num="19" count="8" type="stmt"/>
        <line num="20" count="0" type="cond" truecount="0" falsecount="2"/>
        <line num="21" count="0" type="stmt"/>
        <line num="23" count="0" type="stmt"/>
        <line num="26" count="8" type="stmt"/>
        <line num="27" count="0" type="cond" truecount="0" falsecount="2"/>
        <line num="28" count="0" type="stmt"/>
        <line num="30" count="0" type="stmt"/>
        <line num="34" count="8" type="stmt"/>
        <line num="35" count="8" type="stmt"/>
        <line num="37" count="8" type="stmt"/>
        <line num="38" count="8" type="stmt"/>
        <line num="39" count="4" type="stmt"/>
        <line num="40" count="4" type="cond" truecount="1" falsecount="1"/>
        <line num="41" count="4" type="stmt"/>
        <line num="44" count="4" type="stmt"/>
        <line num="47" count="8" type="stmt"/>
        <line num="51" count="0" type="cond" truecount="0" falsecount="2"/>
        <line num="52" count="0" type="stmt"/>
        <line num="53" count="0" type="cond" truecount="0" falsecount="2"/>
        <line num="54" count="0" type="stmt"/>
        <line num="55" count="0" type="stmt"/>
        <line num="62" count="0" type="stmt"/>
        <line num="63" count="0" type="stmt"/>
        <line num="64" count="0" type="stmt"/>
        <line num="68" count="8" type="stmt"/>
        <line num="69" count="1" type="cond" truecount="1" falsecount="1"/>
        <line num="70" count="1" type="stmt"/>
        <line num="71" count="1" type="stmt"/>
        <line num="75" count="8" type="stmt"/>
        <line num="76" count="1" type="cond" truecount="1" falsecount="1"/>
        <line num="77" count="1" type="stmt"/>
        <line num="78" count="1" type="stmt"/>
        <line num="81" count="1" type="stmt"/>
        <line num="83" count="0" type="stmt"/>
        <line num="84" count="0" type="stmt"/>
        <line num="89" count="8" type="stmt"/>
        <line num="90" count="1" type="stmt"/>
        <line num="91" count="1" type="stmt"/>
        <line num="92" count="1" type="stmt"/>
        <line num="93" count="1" type="stmt"/>
        <line num="94" count="1" type="stmt"/>
        <line num="95" count="1" type="stmt"/>
        <line num="96" count="1" type="stmt"/>
        <line num="98" count="1" type="stmt"/>
        <line num="101" count="8" type="stmt"/>
        <line num="102" count="1" type="stmt"/>
        <line num="103" count="1" type="stmt"/>
        <line num="104" count="2" type="stmt"/>
        <line num="105" count="2" type="cond" truecount="1" falsecount="1"/>
        <line num="106" count="2" type="stmt"/>
        <line num="107" count="2" type="cond" truecount="1" falsecount="1"/>
        <line num="108" count="2" type="stmt"/>
        <line num="109" count="2" type="stmt"/>
        <line num="114" count="1" type="stmt"/>
        <line num="115" count="1" type="stmt"/>
        <line num="116" count="1" type="stmt"/>
        <line num="118" count="1" type="stmt"/>
        <line num="124" count="1" type="stmt"/>
        <line num="125" count="1" type="stmt"/>
        <line num="130" count="1" type="stmt"/>
        <line num="134" count="1" type="stmt"/>
        <line num="137" count="0" type="stmt"/>
        <line num="141" count="8" type="stmt"/>
        <line num="142" count="1" type="stmt"/>
        <line num="143" count="1" type="stmt"/>
        <line num="144" count="1" type="stmt"/>
        <line num="145" count="1" type="stmt"/>
        <line num="146" count="1" type="stmt"/>
        <line num="147" count="1" type="stmt"/>
        <line num="148" count="1" type="stmt"/>
        <line num="149" count="1" type="stmt"/>
        <line num="152" count="8" type="stmt"/>
        <line num="155" count="0" type="cond" truecount="0" falsecount="2"/>
        <line num="156" count="0" type="cond" truecount="0" falsecount="2"/>
        <line num="157" count="0" type="cond" truecount="0" falsecount="2"/>
        <line num="158" count="0" type="stmt"/>
        <line num="159" count="0" type="cond" truecount="0" falsecount="2"/>
        <line num="160" count="0" type="stmt"/>
        <line num="161" count="0" type="stmt"/>
        <line num="162" count="0" type="stmt"/>
        <line num="163" count="0" type="cond" truecount="0" falsecount="2"/>
        <line num="164" count="0" type="stmt"/>
        <line num="165" count="0" type="stmt"/>
        <line num="166" count="0" type="cond" truecount="0" falsecount="2"/>
        <line num="167" count="0" type="stmt"/>
        <line num="171" count="0" type="stmt"/>
        <line num="176" count="8" type="stmt"/>
        <line num="177" count="0" type="stmt"/>
        <line num="178" count="0" type="stmt"/>
        <line num="180" count="0" type="stmt"/>
        <line num="181" count="0" type="stmt"/>
        <line num="182" count="0" type="stmt"/>
        <line num="185" count="0" type="stmt"/>
        <line num="186" count="0" type="stmt"/>
        <line num="189" count="0" type="stmt"/>
        <line num="193" count="8" type="stmt"/>
      </file>
      <file name="screen_settings.tsx" path="/home/runner/work/TypeScript_Capacitor_LocalNotes/TypeScript_Capacitor_LocalNotes/src/custom_components/notNotesRelated/settings/screen_settings.tsx">
        <metrics statements="10" coveredstatements="10" conditionals="8" coveredconditionals="6" methods="7" coveredmethods="6"/>
        <line num="24" count="4" type="stmt"/>
        <line num="35" count="16" type="stmt"/>
        <line num="36" count="16" type="stmt"/>
        <line num="39" count="16" type="stmt"/>
        <line num="41" count="16" type="stmt"/>
        <line num="87" count="1" type="stmt"/>
        <line num="94" count="2" type="stmt"/>
        <line num="101" count="2" type="stmt"/>
        <line num="139" count="1" type="stmt"/>
        <line num="146" count="1" type="stmt"/>
      </file>
    </package>
    <package name="src.custom_components.notNotesRelated.welcomeOverlay">
      <metrics statements="11" coveredstatements="11" conditionals="2" coveredconditionals="2" methods="3" coveredmethods="3"/>
      <file name="welcomeOverlay.tsx" path="/home/runner/work/TypeScript_Capacitor_LocalNotes/TypeScript_Capacitor_LocalNotes/src/custom_components/notNotesRelated/welcomeOverlay/welcomeOverlay.tsx">
        <metrics statements="11" coveredstatements="11" conditionals="2" coveredconditionals="2" methods="3" coveredmethods="3"/>
        <line num="9" count="5" type="stmt"/>
        <line num="10" count="36" type="stmt"/>
        <line num="11" count="36" type="stmt"/>
        <line num="13" count="36" type="stmt"/>
        <line num="14" count="1" type="stmt"/>
        <line num="15" count="1" type="stmt"/>
        <line num="18" count="36" type="stmt"/>
        <line num="33" count="2" type="stmt"/>
        <line num="61" count="5" type="stmt"/>
        <line num="74" count="5" type="stmt"/>
        <line num="83" count="5" type="stmt"/>
      </file>
    </package>
    <package name="src.modules.app_configuration">
      <metrics statements="1" coveredstatements="1" conditionals="0" coveredconditionals="0" methods="0" coveredmethods="0"/>
      <file name="app_texts.ts" path="/home/runner/work/TypeScript_Capacitor_LocalNotes/TypeScript_Capacitor_LocalNotes/src/modules/app_configuration/app_texts.ts">
        <metrics statements="1" coveredstatements="1" conditionals="0" coveredconditionals="0" methods="0" coveredmethods="0"/>
        <line num="1" count="2" type="stmt"/>
      </file>
    </package>
    <package name="src.modules.legal">
      <metrics statements="32" coveredstatements="32" conditionals="14" coveredconditionals="10" methods="7" coveredmethods="5"/>
      <file name="codeToTextParser.tsx" path="/home/runner/work/TypeScript_Capacitor_LocalNotes/TypeScript_Capacitor_LocalNotes/src/modules/legal/codeToTextParser.tsx">
        <metrics statements="22" coveredstatements="22" conditionals="6" coveredconditionals="6" methods="3" coveredmethods="3"/>
        <line num="7" count="5" type="stmt"/>
        <line num="8" count="11" type="stmt"/>
        <line num="9" count="11" type="stmt"/>
        <line num="10" count="11" type="stmt"/>
        <line num="11" count="11" type="stmt"/>
        <line num="12" count="12" type="stmt"/>
        <line num="13" count="12" type="stmt"/>
        <line num="14" count="12" type="stmt"/>
        <line num="15" count="12" type="stmt"/>
        <line num="16" count="6" type="stmt"/>
        <line num="17" count="6" type="cond" truecount="2" falsecount="0"/>
        <line num="18" count="5" type="stmt"/>
        <line num="20" count="6" type="stmt"/>
        <line num="21" count="6" type="stmt"/>
        <line num="22" count="6" type="stmt"/>
        <line num="23" count="6" type="stmt"/>
        <line num="25" count="12" type="stmt"/>
        <line num="26" count="12" type="cond" truecount="2" falsecount="0"/>
        <line num="27" count="10" type="stmt"/>
        <line num="29" count="12" type="stmt"/>
        <line num="36" count="11" type="stmt"/>
        <line num="39" count="11" type="stmt"/>
      </file>
      <file name="datenschutz.tsx" path="/home/runner/work/TypeScript_Capacitor_LocalNotes/TypeScript_Capacitor_LocalNotes/src/modules/legal/datenschutz.tsx">
        <metrics statements="5" coveredstatements="5" conditionals="4" coveredconditionals="2" methods="2" coveredmethods="1"/>
        <line num="8" count="3" type="stmt"/>
        <line num="9" count="2" type="stmt"/>
        <line num="10" count="2" type="stmt"/>
        <line num="13" count="2" type="stmt"/>
        <line num="15" count="2" type="stmt"/>
      </file>
      <file name="impressum.tsx" path="/home/runner/work/TypeScript_Capacitor_LocalNotes/TypeScript_Capacitor_LocalNotes/src/modules/legal/impressum.tsx">
        <metrics statements="5" coveredstatements="5" conditionals="4" coveredconditionals="2" methods="2" coveredmethods="1"/>
        <line num="8" count="3" type="stmt"/>
        <line num="9" count="2" type="stmt"/>
        <line num="10" count="2" type="stmt"/>
        <line num="13" count="2" type="stmt"/>
        <line num="15" count="2" type="stmt"/>
      </file>
    </package>
    <package name="src.modules.legal.usedLibs">
      <metrics statements="19" coveredstatements="19" conditionals="0" coveredconditionals="0" methods="8" coveredmethods="8"/>
      <file name="container_usedLibList.tsx" path="/home/runner/work/TypeScript_Capacitor_LocalNotes/TypeScript_Capacitor_LocalNotes/src/modules/legal/usedLibs/container_usedLibList.tsx">
        <metrics statements="11" coveredstatements="11" conditionals="0" coveredconditionals="0" methods="4" coveredmethods="4"/>
        <line num="27" count="5" type="stmt"/>
        <line num="28" count="22" type="stmt"/>
        <line num="29" count="22" type="stmt"/>
        <line num="31" count="22" type="stmt"/>
        <line num="32" count="5280" type="stmt"/>
        <line num="33" count="5280" type="stmt"/>
        <line num="43" count="22" type="stmt"/>
        <line num="44" count="2" type="stmt"/>
        <line num="47" count="22" type="stmt"/>
        <line num="48" count="1" type="stmt"/>
        <line num="51" count="22" type="stmt"/>
      </file>
      <file name="screen_usedLibList.tsx" path="/home/runner/work/TypeScript_Capacitor_LocalNotes/TypeScript_Capacitor_LocalNotes/src/modules/legal/usedLibs/screen_usedLibList.tsx">
        <metrics statements="8" coveredstatements="8" conditionals="0" coveredconditionals="0" methods="4" coveredmethods="4"/>
        <line num="13" count="6" type="stmt"/>
        <line num="32" count="6" type="stmt"/>
        <line num="37" count="23" type="stmt"/>
        <line num="38" count="23" type="stmt"/>
        <line num="39" count="1" type="stmt"/>
        <line num="42" count="23" type="stmt"/>
        <line num="55" count="5281" type="stmt"/>
        <line num="58" count="1" type="stmt"/>
      </file>
    </package>
    <package name="src.modules.ui">
      <metrics statements="9" coveredstatements="9" conditionals="3" coveredconditionals="3" methods="1" coveredmethods="1"/>
      <file name="floatingBtn.tsx" path="/home/runner/work/TypeScript_Capacitor_LocalNotes/TypeScript_Capacitor_LocalNotes/src/modules/ui/floatingBtn.tsx">
        <metrics statements="9" coveredstatements="9" conditionals="3" coveredconditionals="3" methods="1" coveredmethods="1"/>
        <line num="19" count="7" type="stmt"/>
        <line num="23" count="80" type="cond" truecount="3" falsecount="0"/>
        <line num="25" count="20" type="stmt"/>
        <line num="32" count="20" type="stmt"/>
        <line num="34" count="14" type="stmt"/>
        <line num="41" count="14" type="stmt"/>
        <line num="43" count="46" type="stmt"/>
        <line num="50" count="46" type="stmt"/>
        <line num="53" count="80" type="stmt"/>
      </file>
    </package>
  </project>
</coverage>
