{"/home/runner/work/TypeScript_Capacitor_LocalNotes/TypeScript_Capacitor_LocalNotes/src/App.tsx": {"path":"/home/runner/work/TypeScript_Capacitor_LocalNotes/TypeScript_Capacitor_LocalNotes/src/App.tsx","statementMap":{"0":{"start":{"line":13,"column":22},"end":{"line":78,"column":1}},"1":{"start":{"line":14,"column":44},"end":{"line":14,"column":64}},"2":{"start":{"line":15,"column":40},"end":{"line":15,"column":60}},"3":{"start":{"line":17,"column":2},"end":{"line":77,"column":4}}},"fnMap":{"0":{"name":"(anonymous_0)","decl":{"start":{"line":13,"column":22},"end":{"line":13,"column":23}},"loc":{"start":{"line":13,"column":28},"end":{"line":78,"column":1}},"line":13}},"branchMap":{"0":{"loc":{"start":{"line":19,"column":7},"end":{"line":75,"column":7}},"type":"cond-expr","locations":[{"start":{"line":20,"column":8},"end":{"line":32,"column":14}},{"start":{"line":34,"column":8},"end":{"line":74,"column":14}}],"line":19}},"s":{"0":2,"1":6,"2":6,"3":6},"f":{"0":6},"b":{"0":[5,1]},"_coverageSchema":"1a1c01bbd47fc00a2c39e90264f33305004495a9","hash":"352de6d5164415337d93fc710ca11cfe6838f48e"}
,"/home/runner/work/TypeScript_Capacitor_LocalNotes/TypeScript_Capacitor_LocalNotes/src/i18n.ts": {"path":"/home/runner/work/TypeScript_Capacitor_LocalNotes/TypeScript_Capacitor_LocalNotes/src/i18n.ts","statementMap":{"0":{"start":{"line":21,"column":18},"end":{"line":52,"column":1}},"1":{"start":{"line":54,"column":0},"end":{"line":155,"column":5}}},"fnMap":{},"branchMap":{},"s":{"0":18,"1":18},"f":{},"b":{},"_coverageSchema":"1a1c01bbd47fc00a2c39e90264f33305004495a9","hash":"d75751fe0a96a74f4d4b859f463603dbc668b361"}
,"/home/runner/work/TypeScript_Capacitor_LocalNotes/TypeScript_Capacitor_LocalNotes/src/index.tsx": {"path":"/home/runner/work/TypeScript_Capacitor_LocalNotes/TypeScript_Capacitor_LocalNotes/src/index.tsx","statementMap":{"0":{"start":{"line":6,"column":13},"end":{"line":8,"column":1}},"1":{"start":{"line":9,"column":0},"end":{"line":13,"column":2}}},"fnMap":{},"branchMap":{},"s":{"0":1,"1":1},"f":{},"b":{},"_coverageSchema":"1a1c01bbd47fc00a2c39e90264f33305004495a9","hash":"640fd2e14f3297d0870b6e7b46247aab66925ba8"}
,"/home/runner/work/TypeScript_Capacitor_LocalNotes/TypeScript_Capacitor_LocalNotes/src/custom_components/handleNotes/encryptionEngine.ts": {"path":"/home/runner/work/TypeScript_Capacitor_LocalNotes/TypeScript_Capacitor_LocalNotes/src/custom_components/handleNotes/encryptionEngine.ts","statementMap":{"0":{"start":{"line":4,"column":24},"end":{"line":17,"column":1}},"1":{"start":{"line":8,"column":29},"end":{"line":8,"column":72}},"2":{"start":{"line":9,"column":23},"end":{"line":9,"column":65}},"3":{"start":{"line":11,"column":14},"end":{"line":14,"column":4}},"4":{"start":{"line":16,"column":2},"end":{"line":16,"column":13}},"5":{"start":{"line":19,"column":34},"end":{"line":31,"column":1}},"6":{"start":{"line":23,"column":18},"end":{"line":23,"column":56}},"7":{"start":{"line":24,"column":15},"end":{"line":24,"column":46}},"8":{"start":{"line":25,"column":15},"end":{"line":29,"column":4}},"9":{"start":{"line":30,"column":2},"end":{"line":30,"column":41}},"10":{"start":{"line":33,"column":31},"end":{"line":55,"column":1}},"11":{"start":{"line":38,"column":15},"end":{"line":38,"column":53}},"12":{"start":{"line":39,"column":14},"end":{"line":39,"column":45}},"13":{"start":{"line":40,"column":13},"end":{"line":40,"column":51}},"14":{"start":{"line":42,"column":20},"end":{"line":46,"column":4}},"15":{"start":{"line":48,"column":30},"end":{"line":48,"column":93}},"16":{"start":{"line":49,"column":24},"end":{"line":52,"column":14}},"17":{"start":{"line":54,"column":2},"end":{"line":54,"column":50}},"18":{"start":{"line":57,"column":34},"end":{"line":81,"column":1}},"19":{"start":{"line":61,"column":24},"end":{"line":61,"column":56}},"20":{"start":{"line":63,"column":2},"end":{"line":65,"column":3}},"21":{"start":{"line":64,"column":4},"end":{"line":64,"column":14}},"22":{"start":{"line":67,"column":36},"end":{"line":70,"column":31}},"23":{"start":{"line":72,"column":36},"end":{"line":72,"column":73}},"24":{"start":{"line":73,"column":14},"end":{"line":73,"column":69}},"25":{"start":{"line":74,"column":20},"end":{"line":78,"column":32}},"26":{"start":{"line":80,"column":2},"end":{"line":80,"column":19}},"27":{"start":{"line":83,"column":31},"end":{"line":86,"column":1}},"28":{"start":{"line":84,"column":15},"end":{"line":84,"column":35}},"29":{"start":{"line":85,"column":2},"end":{"line":85,"column":74}},"30":{"start":{"line":88,"column":34},"end":{"line":102,"column":1}},"31":{"start":{"line":91,"column":34},"end":{"line":91,"column":36}},"32":{"start":{"line":92,"column":2},"end":{"line":97,"column":16}},"33":{"start":{"line":93,"column":4},"end":{"line":96,"column":34}},"34":{"start":{"line":98,"column":2},"end":{"line":101,"column":15}},"35":{"start":{"line":104,"column":34},"end":{"line":118,"column":1}},"36":{"start":{"line":107,"column":18},"end":{"line":107,"column":20}},"37":{"start":{"line":108,"column":2},"end":{"line":113,"column":16}},"38":{"start":{"line":109,"column":4},"end":{"line":112,"column":34}},"39":{"start":{"line":114,"column":2},"end":{"line":117,"column":15}}},"fnMap":{"0":{"name":"(anonymous_0)","decl":{"start":{"line":4,"column":24},"end":{"line":4,"column":25}},"loc":{"start":{"line":7,"column":29},"end":{"line":17,"column":1}},"line":7},"1":{"name":"(anonymous_1)","decl":{"start":{"line":19,"column":34},"end":{"line":19,"column":35}},"loc":{"start":{"line":21,"column":15},"end":{"line":31,"column":1}},"line":21},"2":{"name":"(anonymous_2)","decl":{"start":{"line":33,"column":31},"end":{"line":33,"column":32}},"loc":{"start":{"line":37,"column":20},"end":{"line":55,"column":1}},"line":37},"3":{"name":"(anonymous_3)","decl":{"start":{"line":57,"column":34},"end":{"line":57,"column":35}},"loc":{"start":{"line":60,"column":22},"end":{"line":81,"column":1}},"line":60},"4":{"name":"(anonymous_4)","decl":{"start":{"line":83,"column":31},"end":{"line":83,"column":32}},"loc":{"start":{"line":83,"column":60},"end":{"line":86,"column":1}},"line":83},"5":{"name":"(anonymous_5)","decl":{"start":{"line":88,"column":34},"end":{"line":88,"column":35}},"loc":{"start":{"line":90,"column":22},"end":{"line":102,"column":1}},"line":90},"6":{"name":"(anonymous_6)","decl":{"start":{"line":104,"column":34},"end":{"line":104,"column":35}},"loc":{"start":{"line":106,"column":22},"end":{"line":118,"column":1}},"line":106}},"branchMap":{"0":{"loc":{"start":{"line":63,"column":2},"end":{"line":65,"column":3}},"type":"if","locations":[{"start":{"line":63,"column":2},"end":{"line":65,"column":3}},{"start":{},"end":{}}],"line":63}},"s":{"0":5,"1":36,"2":36,"3":36,"4":36,"5":5,"6":0,"7":0,"8":0,"9":0,"10":5,"11":20,"12":20,"13":20,"14":20,"15":20,"16":20,"17":20,"18":5,"19":24,"20":24,"21":2,"22":22,"23":22,"24":22,"25":16,"26":16,"27":5,"28":48,"29":48,"30":5,"31":3,"32":3,"33":3,"34":3,"35":5,"36":1,"37":1,"38":1,"39":1},"f":{"0":36,"1":0,"2":20,"3":24,"4":48,"5":3,"6":1},"b":{"0":[2,22]},"_coverageSchema":"1a1c01bbd47fc00a2c39e90264f33305004495a9","hash":"5147d2a68d4a7fac9dd9f2a4cfeb07e75974b388"}
,"/home/runner/work/TypeScript_Capacitor_LocalNotes/TypeScript_Capacitor_LocalNotes/src/custom_components/handleNotes/editNote/container-editNote.tsx": {"path":"/home/runner/work/TypeScript_Capacitor_LocalNotes/TypeScript_Capacitor_LocalNotes/src/custom_components/handleNotes/editNote/container-editNote.tsx","statementMap":{"0":{"start":{"line":10,"column":60},"end":{"line":58,"column":1}},"1":{"start":{"line":11,"column":19},"end":{"line":11,"column":51}},"2":{"start":{"line":12,"column":19},"end":{"line":12,"column":32}},"3":{"start":{"line":14,"column":36},"end":{"line":14,"column":48}},"4":{"start":{"line":15,"column":34},"end":{"line":15,"column":54}},"5":{"start":{"line":16,"column":40},"end":{"line":16,"column":52}},"6":{"start":{"line":18,"column":2},"end":{"line":34,"column":30}},"7":{"start":{"line":19,"column":31},"end":{"line":31,"column":5}},"8":{"start":{"line":20,"column":6},"end":{"line":30,"column":7}},"9":{"start":{"line":21,"column":8},"end":{"line":29,"column":9}},"10":{"start":{"line":22,"column":35},"end":{"line":22,"column":82}},"11":{"start":{"line":23,"column":27},"end":{"line":23,"column":55}},"12":{"start":{"line":24,"column":10},"end":{"line":24,"column":39}},"13":{"start":{"line":25,"column":10},"end":{"line":25,"column":47}},"14":{"start":{"line":26,"column":10},"end":{"line":26,"column":43}},"15":{"start":{"line":33,"column":4},"end":{"line":33,"column":25}},"16":{"start":{"line":37,"column":21},"end":{"line":46,"column":3}},"17":{"start":{"line":38,"column":21},"end":{"line":42,"column":5}},"18":{"start":{"line":43,"column":27},"end":{"line":43,"column":51}},"19":{"start":{"line":44,"column":4},"end":{"line":44,"column":84}},"20":{"start":{"line":45,"column":4},"end":{"line":45,"column":17}},"21":{"start":{"line":48,"column":2},"end":{"line":57,"column":4}}},"fnMap":{"0":{"name":"(anonymous_0)","decl":{"start":{"line":10,"column":60},"end":{"line":10,"column":61}},"loc":{"start":{"line":10,"column":83},"end":{"line":58,"column":1}},"line":10},"1":{"name":"(anonymous_1)","decl":{"start":{"line":18,"column":12},"end":{"line":18,"column":13}},"loc":{"start":{"line":18,"column":18},"end":{"line":34,"column":3}},"line":18},"2":{"name":"(anonymous_2)","decl":{"start":{"line":19,"column":31},"end":{"line":19,"column":32}},"loc":{"start":{"line":19,"column":43},"end":{"line":31,"column":5}},"line":19},"3":{"name":"(anonymous_3)","decl":{"start":{"line":37,"column":21},"end":{"line":37,"column":22}},"loc":{"start":{"line":37,"column":27},"end":{"line":46,"column":3}},"line":37}},"branchMap":{"0":{"loc":{"start":{"line":20,"column":6},"end":{"line":30,"column":7}},"type":"if","locations":[{"start":{"line":20,"column":6},"end":{"line":30,"column":7}},{"start":{},"end":{}}],"line":20},"1":{"loc":{"start":{"line":44,"column":51},"end":{"line":44,"column":82}},"type":"binary-expr","locations":[{"start":{"line":44,"column":51},"end":{"line":44,"column":57}},{"start":{"line":44,"column":61},"end":{"line":44,"column":82}}],"line":44}},"s":{"0":3,"1":14,"2":14,"3":14,"4":14,"5":14,"6":14,"7":5,"8":5,"9":5,"10":5,"11":5,"12":3,"13":3,"14":3,"15":5,"16":14,"17":2,"18":2,"19":2,"20":2,"21":14},"f":{"0":14,"1":5,"2":5,"3":2},"b":{"0":[5,0],"1":[2,0]},"_coverageSchema":"1a1c01bbd47fc00a2c39e90264f33305004495a9","hash":"58ce3bc5c0458661f9507860f19f0cbd3e22bd85"}
,"/home/runner/work/TypeScript_Capacitor_LocalNotes/TypeScript_Capacitor_LocalNotes/src/custom_components/handleNotes/editNote/screen-editNote.tsx": {"path":"/home/runner/work/TypeScript_Capacitor_LocalNotes/TypeScript_Capacitor_LocalNotes/src/custom_components/handleNotes/editNote/screen-editNote.tsx","statementMap":{"0":{"start":{"line":16,"column":50},"end":{"line":110,"column":1}},"1":{"start":{"line":24,"column":24},"end":{"line":26,"column":30}},"2":{"start":{"line":27,"column":16},"end":{"line":27,"column":32}},"3":{"start":{"line":29,"column":2},"end":{"line":109,"column":4}},"4":{"start":{"line":45,"column":29},"end":{"line":45,"column":57}},"5":{"start":{"line":89,"column":29},"end":{"line":89,"column":59}}},"fnMap":{"0":{"name":"(anonymous_0)","decl":{"start":{"line":16,"column":50},"end":{"line":16,"column":51}},"loc":{"start":{"line":23,"column":6},"end":{"line":110,"column":1}},"line":23},"1":{"name":"(anonymous_1)","decl":{"start":{"line":45,"column":22},"end":{"line":45,"column":23}},"loc":{"start":{"line":45,"column":29},"end":{"line":45,"column":57}},"line":45},"2":{"name":"(anonymous_2)","decl":{"start":{"line":89,"column":22},"end":{"line":89,"column":23}},"loc":{"start":{"line":89,"column":29},"end":{"line":89,"column":59}},"line":89}},"branchMap":{},"s":{"0":3,"1":15,"2":15,"3":15,"4":3,"5":3},"f":{"0":15,"1":3,"2":3},"b":{},"_coverageSchema":"1a1c01bbd47fc00a2c39e90264f33305004495a9","hash":"d5c24415b9338ee40420b400842f6b64bcd04c94"}
,"/home/runner/work/TypeScript_Capacitor_LocalNotes/TypeScript_Capacitor_LocalNotes/src/custom_components/handleNotes/viewNote/container-viewNote.tsx": {"path":"/home/runner/work/TypeScript_Capacitor_LocalNotes/TypeScript_Capacitor_LocalNotes/src/custom_components/handleNotes/viewNote/container-viewNote.tsx","statementMap":{"0":{"start":{"line":13,"column":60},"end":{"line":34,"column":1}},"1":{"start":{"line":14,"column":19},"end":{"line":14,"column":32}},"2":{"start":{"line":15,"column":16},"end":{"line":15,"column":65}},"3":{"start":{"line":17,"column":19},"end":{"line":17,"column":32}},"4":{"start":{"line":19,"column":31},"end":{"line":21,"column":3}},"5":{"start":{"line":20,"column":4},"end":{"line":20,"column":32}},"6":{"start":{"line":23,"column":36},"end":{"line":25,"column":3}},"7":{"start":{"line":24,"column":4},"end":{"line":24,"column":26}},"8":{"start":{"line":27,"column":2},"end":{"line":33,"column":4}}},"fnMap":{"0":{"name":"(anonymous_0)","decl":{"start":{"line":13,"column":60},"end":{"line":13,"column":61}},"loc":{"start":{"line":13,"column":96},"end":{"line":34,"column":1}},"line":13},"1":{"name":"(anonymous_1)","decl":{"start":{"line":19,"column":31},"end":{"line":19,"column":32}},"loc":{"start":{"line":19,"column":51},"end":{"line":21,"column":3}},"line":19},"2":{"name":"(anonymous_2)","decl":{"start":{"line":23,"column":36},"end":{"line":23,"column":37}},"loc":{"start":{"line":23,"column":42},"end":{"line":25,"column":3}},"line":23}},"branchMap":{},"s":{"0":3,"1":12,"2":12,"3":12,"4":12,"5":1,"6":12,"7":1,"8":12},"f":{"0":12,"1":1,"2":1},"b":{},"_coverageSchema":"1a1c01bbd47fc00a2c39e90264f33305004495a9","hash":"96b7575be4fdbe76cb08e876e6620c258cced0cb"}
,"/home/runner/work/TypeScript_Capacitor_LocalNotes/TypeScript_Capacitor_LocalNotes/src/custom_components/handleNotes/viewNote/getNotes.ts": {"path":"/home/runner/work/TypeScript_Capacitor_LocalNotes/TypeScript_Capacitor_LocalNotes/src/custom_components/handleNotes/viewNote/getNotes.ts","statementMap":{"0":{"start":{"line":13,"column":21},"end":{"line":21,"column":1}},"1":{"start":{"line":14,"column":2},"end":{"line":20,"column":3}},"2":{"start":{"line":15,"column":17},"end":{"line":15,"column":32}},"3":{"start":{"line":17,"column":4},"end":{"line":17,"column":66}},"4":{"start":{"line":19,"column":4},"end":{"line":19,"column":17}},"5":{"start":{"line":23,"column":20},"end":{"line":60,"column":1}},"6":{"start":{"line":24,"column":28},"end":{"line":24,"column":48}},"7":{"start":{"line":26,"column":2},"end":{"line":57,"column":44}},"8":{"start":{"line":27,"column":32},"end":{"line":55,"column":5}},"9":{"start":{"line":28,"column":34},"end":{"line":28,"column":36}},"10":{"start":{"line":29,"column":6},"end":{"line":48,"column":7}},"11":{"start":{"line":29,"column":19},"end":{"line":29,"column":20}},"12":{"start":{"line":30,"column":20},"end":{"line":30,"column":39}},"13":{"start":{"line":31,"column":8},"end":{"line":47,"column":9}},"14":{"start":{"line":32,"column":10},"end":{"line":46,"column":11}},"15":{"start":{"line":33,"column":33},"end":{"line":33,"column":77}},"16":{"start":{"line":34,"column":12},"end":{"line":43,"column":13}},"17":{"start":{"line":35,"column":31},"end":{"line":35,"column":55}},"18":{"start":{"line":36,"column":14},"end":{"line":42,"column":17}},"19":{"start":{"line":49,"column":28},"end":{"line":51,"column":7}},"20":{"start":{"line":50,"column":8},"end":{"line":50,"column":70}},"21":{"start":{"line":52,"column":6},"end":{"line":52,"column":72}},"22":{"start":{"line":52,"column":35},"end":{"line":52,"column":70}},"23":{"start":{"line":54,"column":6},"end":{"line":54,"column":30}},"24":{"start":{"line":56,"column":4},"end":{"line":56,"column":26}},"25":{"start":{"line":59,"column":2},"end":{"line":59,"column":15}}},"fnMap":{"0":{"name":"(anonymous_0)","decl":{"start":{"line":13,"column":21},"end":{"line":13,"column":22}},"loc":{"start":{"line":13,"column":47},"end":{"line":21,"column":1}},"line":13},"1":{"name":"(anonymous_1)","decl":{"start":{"line":23,"column":20},"end":{"line":23,"column":21}},"loc":{"start":{"line":23,"column":96},"end":{"line":60,"column":1}},"line":23},"2":{"name":"(anonymous_2)","decl":{"start":{"line":26,"column":12},"end":{"line":26,"column":13}},"loc":{"start":{"line":26,"column":18},"end":{"line":57,"column":3}},"line":26},"3":{"name":"(anonymous_3)","decl":{"start":{"line":27,"column":32},"end":{"line":27,"column":33}},"loc":{"start":{"line":27,"column":44},"end":{"line":55,"column":5}},"line":27},"4":{"name":"(anonymous_4)","decl":{"start":{"line":49,"column":47},"end":{"line":49,"column":48}},"loc":{"start":{"line":50,"column":8},"end":{"line":50,"column":70}},"line":50},"5":{"name":"(anonymous_5)","decl":{"start":{"line":52,"column":25},"end":{"line":52,"column":26}},"loc":{"start":{"line":52,"column":35},"end":{"line":52,"column":70}},"line":52}},"branchMap":{"0":{"loc":{"start":{"line":17,"column":11},"end":{"line":17,"column":65}},"type":"binary-expr","locations":[{"start":{"line":17,"column":11},"end":{"line":17,"column":37}},{"start":{"line":17,"column":41},"end":{"line":17,"column":65}}],"line":17},"1":{"loc":{"start":{"line":31,"column":8},"end":{"line":47,"column":9}},"type":"if","locations":[{"start":{"line":31,"column":8},"end":{"line":47,"column":9}},{"start":{},"end":{}}],"line":31},"2":{"loc":{"start":{"line":34,"column":12},"end":{"line":43,"column":13}},"type":"if","locations":[{"start":{"line":34,"column":12},"end":{"line":43,"column":13}},{"start":{},"end":{}}],"line":34},"3":{"loc":{"start":{"line":34,"column":16},"end":{"line":34,"column":58}},"type":"binary-expr","locations":[{"start":{"line":34,"column":16},"end":{"line":34,"column":28}},{"start":{"line":34,"column":32},"end":{"line":34,"column":58}}],"line":34}},"s":{"0":3,"1":10,"2":10,"3":10,"4":0,"5":3,"6":12,"7":12,"8":6,"9":6,"10":6,"11":6,"12":16,"13":16,"14":16,"15":16,"16":10,"17":10,"18":10,"19":6,"20":10,"21":6,"22":5,"23":6,"24":6,"25":12},"f":{"0":10,"1":12,"2":6,"3":6,"4":10,"5":5},"b":{"0":[10,10],"1":[16,0],"2":[10,0],"3":[10,10]},"_coverageSchema":"1a1c01bbd47fc00a2c39e90264f33305004495a9","hash":"0eb24cc3285b46e603d3545b6b8e1dd8aafe41dc"}
,"/home/runner/work/TypeScript_Capacitor_LocalNotes/TypeScript_Capacitor_LocalNotes/src/custom_components/handleNotes/viewNote/screen-viewNote.tsx": {"path":"/home/runner/work/TypeScript_Capacitor_LocalNotes/TypeScript_Capacitor_LocalNotes/src/custom_components/handleNotes/viewNote/screen-viewNote.tsx","statementMap":{"0":{"start":{"line":21,"column":50},"end":{"line":103,"column":1}},"1":{"start":{"line":26,"column":23},"end":{"line":29,"column":3}},"2":{"start":{"line":27,"column":4},"end":{"line":27,"column":46}},"3":{"start":{"line":27,"column":34},"end":{"line":27,"column":46}},"4":{"start":{"line":28,"column":4},"end":{"line":28,"column":45}},"5":{"start":{"line":30,"column":16},"end":{"line":30,"column":32}},"6":{"start":{"line":32,"column":2},"end":{"line":102,"column":4}},"7":{"start":{"line":41,"column":12},"end":{"line":57,"column":18}},"8":{"start":{"line":50,"column":31},"end":{"line":50,"column":56}}},"fnMap":{"0":{"name":"(anonymous_0)","decl":{"start":{"line":21,"column":50},"end":{"line":21,"column":51}},"loc":{"start":{"line":25,"column":6},"end":{"line":103,"column":1}},"line":25},"1":{"name":"(anonymous_1)","decl":{"start":{"line":26,"column":23},"end":{"line":26,"column":24}},"loc":{"start":{"line":26,"column":68},"end":{"line":29,"column":3}},"line":26},"2":{"name":"(anonymous_2)","decl":{"start":{"line":40,"column":21},"end":{"line":40,"column":22}},"loc":{"start":{"line":41,"column":12},"end":{"line":57,"column":18}},"line":41},"3":{"name":"(anonymous_3)","decl":{"start":{"line":50,"column":25},"end":{"line":50,"column":26}},"loc":{"start":{"line":50,"column":31},"end":{"line":50,"column":56}},"line":50}},"branchMap":{"0":{"loc":{"start":{"line":27,"column":4},"end":{"line":27,"column":46}},"type":"if","locations":[{"start":{"line":27,"column":4},"end":{"line":27,"column":46}},{"start":{},"end":{}}],"line":27},"1":{"loc":{"start":{"line":38,"column":7},"end":{"line":94,"column":7}},"type":"cond-expr","locations":[{"start":{"line":39,"column":8},"end":{"line":59,"column":14}},{"start":{"line":61,"column":8},"end":{"line":93,"column":14}}],"line":38}},"s":{"0":3,"1":12,"2":33,"3":33,"4":0,"5":12,"6":12,"7":14,"8":1},"f":{"0":12,"1":33,"2":14,"3":1},"b":{"0":[33,0],"1":[7,5]},"_coverageSchema":"1a1c01bbd47fc00a2c39e90264f33305004495a9","hash":"1c0df17113eb622464edb93deadc3726dc9c2271"}
,"/home/runner/work/TypeScript_Capacitor_LocalNotes/TypeScript_Capacitor_LocalNotes/src/custom_components/notNotesRelated/fingerprintLogic.ts": {"path":"/home/runner/work/TypeScript_Capacitor_LocalNotes/TypeScript_Capacitor_LocalNotes/src/custom_components/notNotesRelated/fingerprintLogic.ts","statementMap":{"0":{"start":{"line":6,"column":24},"end":{"line":9,"column":1}},"1":{"start":{"line":7,"column":15},"end":{"line":7,"column":35}},"2":{"start":{"line":8,"column":2},"end":{"line":8,"column":72}},"3":{"start":{"line":11,"column":42},"end":{"line":62,"column":1}},"4":{"start":{"line":19,"column":2},"end":{"line":61,"column":3}},"5":{"start":{"line":20,"column":22},"end":{"line":20,"column":57}},"6":{"start":{"line":22,"column":4},"end":{"line":25,"column":5}},"7":{"start":{"line":23,"column":6},"end":{"line":23,"column":44}},"8":{"start":{"line":24,"column":6},"end":{"line":24,"column":13}},"9":{"start":{"line":27,"column":21},"end":{"line":32,"column":25}},"10":{"start":{"line":31,"column":18},"end":{"line":31,"column":22}},"11":{"start":{"line":32,"column":19},"end":{"line":32,"column":24}},"12":{"start":{"line":34,"column":4},"end":{"line":37,"column":5}},"13":{"start":{"line":35,"column":6},"end":{"line":35,"column":38}},"14":{"start":{"line":36,"column":6},"end":{"line":36,"column":13}},"15":{"start":{"line":39,"column":24},"end":{"line":39,"column":72}},"16":{"start":{"line":41,"column":4},"end":{"line":45,"column":5}},"17":{"start":{"line":42,"column":6},"end":{"line":42,"column":38}},"18":{"start":{"line":43,"column":6},"end":{"line":43,"column":24}},"19":{"start":{"line":44,"column":6},"end":{"line":44,"column":13}},"20":{"start":{"line":47,"column":27},"end":{"line":47,"column":50}},"21":{"start":{"line":48,"column":30},"end":{"line":51,"column":33}},"22":{"start":{"line":53,"column":4},"end":{"line":53,"column":43}},"23":{"start":{"line":56,"column":4},"end":{"line":60,"column":5}},"24":{"start":{"line":57,"column":6},"end":{"line":57,"column":24}},"25":{"start":{"line":59,"column":6},"end":{"line":59,"column":38}},"26":{"start":{"line":64,"column":44},"end":{"line":96,"column":1}},"27":{"start":{"line":71,"column":2},"end":{"line":95,"column":3}},"28":{"start":{"line":72,"column":22},"end":{"line":72,"column":57}},"29":{"start":{"line":74,"column":4},"end":{"line":77,"column":5}},"30":{"start":{"line":75,"column":6},"end":{"line":75,"column":38}},"31":{"start":{"line":76,"column":6},"end":{"line":76,"column":13}},"32":{"start":{"line":79,"column":4},"end":{"line":82,"column":5}},"33":{"start":{"line":80,"column":6},"end":{"line":80,"column":44}},"34":{"start":{"line":81,"column":6},"end":{"line":81,"column":13}},"35":{"start":{"line":84,"column":27},"end":{"line":84,"column":50}},"36":{"start":{"line":85,"column":4},"end":{"line":89,"column":7}},"37":{"start":{"line":90,"column":4},"end":{"line":90,"column":50}},"38":{"start":{"line":92,"column":4},"end":{"line":92,"column":16}},"39":{"start":{"line":94,"column":4},"end":{"line":94,"column":36}},"40":{"start":{"line":98,"column":34},"end":{"line":104,"column":1}},"41":{"start":{"line":99,"column":2},"end":{"line":103,"column":3}},"42":{"start":{"line":100,"column":4},"end":{"line":100,"column":63}},"43":{"start":{"line":102,"column":4},"end":{"line":102,"column":17}}},"fnMap":{"0":{"name":"(anonymous_0)","decl":{"start":{"line":6,"column":24},"end":{"line":6,"column":25}},"loc":{"start":{"line":6,"column":53},"end":{"line":9,"column":1}},"line":6},"1":{"name":"(anonymous_1)","decl":{"start":{"line":11,"column":42},"end":{"line":11,"column":43}},"loc":{"start":{"line":17,"column":20},"end":{"line":62,"column":1}},"line":17},"2":{"name":"(anonymous_2)","decl":{"start":{"line":31,"column":12},"end":{"line":31,"column":13}},"loc":{"start":{"line":31,"column":18},"end":{"line":31,"column":22}},"line":31},"3":{"name":"(anonymous_3)","decl":{"start":{"line":32,"column":13},"end":{"line":32,"column":14}},"loc":{"start":{"line":32,"column":19},"end":{"line":32,"column":24}},"line":32},"4":{"name":"(anonymous_4)","decl":{"start":{"line":64,"column":44},"end":{"line":64,"column":45}},"loc":{"start":{"line":69,"column":20},"end":{"line":96,"column":1}},"line":69},"5":{"name":"(anonymous_5)","decl":{"start":{"line":98,"column":34},"end":{"line":98,"column":35}},"loc":{"start":{"line":98,"column":64},"end":{"line":104,"column":1}},"line":98}},"branchMap":{"0":{"loc":{"start":{"line":22,"column":4},"end":{"line":25,"column":5}},"type":"if","locations":[{"start":{"line":22,"column":4},"end":{"line":25,"column":5}},{"start":{},"end":{}}],"line":22},"1":{"loc":{"start":{"line":34,"column":4},"end":{"line":37,"column":5}},"type":"if","locations":[{"start":{"line":34,"column":4},"end":{"line":37,"column":5}},{"start":{},"end":{}}],"line":34},"2":{"loc":{"start":{"line":41,"column":4},"end":{"line":45,"column":5}},"type":"if","locations":[{"start":{"line":41,"column":4},"end":{"line":45,"column":5}},{"start":{},"end":{}}],"line":41},"3":{"loc":{"start":{"line":56,"column":4},"end":{"line":60,"column":5}},"type":"if","locations":[{"start":{"line":56,"column":4},"end":{"line":60,"column":5}},{"start":{"line":58,"column":11},"end":{"line":60,"column":5}}],"line":56},"4":{"loc":{"start":{"line":74,"column":4},"end":{"line":77,"column":5}},"type":"if","locations":[{"start":{"line":74,"column":4},"end":{"line":77,"column":5}},{"start":{},"end":{}}],"line":74},"5":{"loc":{"start":{"line":74,"column":8},"end":{"line":74,"column":33}},"type":"binary-expr","locations":[{"start":{"line":74,"column":8},"end":{"line":74,"column":17}},{"start":{"line":74,"column":20},"end":{"line":74,"column":33}}],"line":74},"6":{"loc":{"start":{"line":79,"column":4},"end":{"line":82,"column":5}},"type":"if","locations":[{"start":{"line":79,"column":4},"end":{"line":82,"column":5}},{"start":{},"end":{}}],"line":79}},"s":{"0":3,"1":2,"2":2,"3":3,"4":5,"5":5,"6":5,"7":1,"8":1,"9":3,"10":2,"11":1,"12":3,"13":1,"14":1,"15":2,"16":2,"17":1,"18":1,"19":1,"20":1,"21":1,"22":1,"23":1,"24":1,"25":0,"26":3,"27":4,"28":4,"29":4,"30":1,"31":1,"32":3,"33":1,"34":1,"35":1,"36":1,"37":1,"38":1,"39":1,"40":3,"41":5,"42":5,"43":5},"f":{"0":2,"1":5,"2":2,"3":1,"4":4,"5":5},"b":{"0":[1,3],"1":[1,2],"2":[1,1],"3":[1,0],"4":[1,3],"5":[4,3],"6":[1,1]},"_coverageSchema":"1a1c01bbd47fc00a2c39e90264f33305004495a9","hash":"e794c2a6804968cb5082a5ee76c1fc79f236cc70"}
,"/home/runner/work/TypeScript_Capacitor_LocalNotes/TypeScript_Capacitor_LocalNotes/src/custom_components/notNotesRelated/encryption_modal/container-encryption-modal.tsx": {"path":"/home/runner/work/TypeScript_Capacitor_LocalNotes/TypeScript_Capacitor_LocalNotes/src/custom_components/notNotesRelated/encryption_modal/container-encryption-modal.tsx","statementMap":{"0":{"start":{"line":18,"column":4},"end":{"line":84,"column":1}},"1":{"start":{"line":19,"column":19},"end":{"line":19,"column":49}},"2":{"start":{"line":20,"column":19},"end":{"line":20,"column":32}},"3":{"start":{"line":21,"column":54},"end":{"line":21,"column":69}},"4":{"start":{"line":22,"column":56},"end":{"line":24,"column":48}},"5":{"start":{"line":25,"column":16},"end":{"line":25,"column":32}},"6":{"start":{"line":28,"column":2},"end":{"line":35,"column":9}},"7":{"start":{"line":29,"column":28},"end":{"line":33,"column":5}},"8":{"start":{"line":30,"column":6},"end":{"line":32,"column":7}},"9":{"start":{"line":31,"column":8},"end":{"line":31,"column":36}},"10":{"start":{"line":34,"column":4},"end":{"line":34,"column":22}},"11":{"start":{"line":37,"column":2},"end":{"line":39,"column":27}},"12":{"start":{"line":38,"column":4},"end":{"line":38,"column":75}},"13":{"start":{"line":41,"column":26},"end":{"line":45,"column":3}},"14":{"start":{"line":42,"column":4},"end":{"line":42,"column":27}},"15":{"start":{"line":43,"column":21},"end":{"line":43,"column":64}},"16":{"start":{"line":44,"column":4},"end":{"line":44,"column":23}},"17":{"start":{"line":47,"column":30},"end":{"line":72,"column":3}},"18":{"start":{"line":48,"column":4},"end":{"line":71,"column":6}},"19":{"start":{"line":51,"column":8},"end":{"line":62,"column":10}},"20":{"start":{"line":54,"column":12},"end":{"line":54,"column":57}},"21":{"start":{"line":55,"column":29},"end":{"line":55,"column":72}},"22":{"start":{"line":56,"column":12},"end":{"line":56,"column":31}},"23":{"start":{"line":59,"column":12},"end":{"line":59,"column":32}},"24":{"start":{"line":65,"column":8},"end":{"line":65,"column":27}},"25":{"start":{"line":68,"column":8},"end":{"line":68,"column":28}},"26":{"start":{"line":74,"column":2},"end":{"line":83,"column":4}},"27":{"start":{"line":81,"column":31},"end":{"line":81,"column":56}}},"fnMap":{"0":{"name":"(anonymous_0)","decl":{"start":{"line":18,"column":4},"end":{"line":18,"column":5}},"loc":{"start":{"line":18,"column":22},"end":{"line":84,"column":1}},"line":18},"1":{"name":"(anonymous_1)","decl":{"start":{"line":28,"column":12},"end":{"line":28,"column":13}},"loc":{"start":{"line":28,"column":18},"end":{"line":35,"column":3}},"line":28},"2":{"name":"(anonymous_2)","decl":{"start":{"line":29,"column":28},"end":{"line":29,"column":29}},"loc":{"start":{"line":29,"column":40},"end":{"line":33,"column":5}},"line":29},"3":{"name":"(anonymous_3)","decl":{"start":{"line":37,"column":12},"end":{"line":37,"column":13}},"loc":{"start":{"line":37,"column":18},"end":{"line":39,"column":3}},"line":37},"4":{"name":"(anonymous_4)","decl":{"start":{"line":41,"column":26},"end":{"line":41,"column":27}},"loc":{"start":{"line":41,"column":48},"end":{"line":45,"column":3}},"line":41},"5":{"name":"(anonymous_5)","decl":{"start":{"line":47,"column":30},"end":{"line":47,"column":31}},"loc":{"start":{"line":47,"column":42},"end":{"line":72,"column":3}},"line":47},"6":{"name":"(anonymous_6)","decl":{"start":{"line":50,"column":6},"end":{"line":50,"column":7}},"loc":{"start":{"line":50,"column":12},"end":{"line":63,"column":7}},"line":50},"7":{"name":"(anonymous_7)","decl":{"start":{"line":53,"column":10},"end":{"line":53,"column":11}},"loc":{"start":{"line":53,"column":16},"end":{"line":57,"column":11}},"line":53},"8":{"name":"(anonymous_8)","decl":{"start":{"line":58,"column":10},"end":{"line":58,"column":11}},"loc":{"start":{"line":58,"column":28},"end":{"line":60,"column":11}},"line":58},"9":{"name":"(anonymous_9)","decl":{"start":{"line":64,"column":6},"end":{"line":64,"column":7}},"loc":{"start":{"line":64,"column":20},"end":{"line":66,"column":7}},"line":64},"10":{"name":"(anonymous_10)","decl":{"start":{"line":67,"column":6},"end":{"line":67,"column":7}},"loc":{"start":{"line":67,"column":24},"end":{"line":69,"column":7}},"line":67},"11":{"name":"(anonymous_11)","decl":{"start":{"line":81,"column":25},"end":{"line":81,"column":26}},"loc":{"start":{"line":81,"column":31},"end":{"line":81,"column":56}},"line":81}},"branchMap":{"0":{"loc":{"start":{"line":24,"column":2},"end":{"line":24,"column":47}},"type":"binary-expr","locations":[{"start":{"line":24,"column":2},"end":{"line":24,"column":20}},{"start":{"line":24,"column":23},"end":{"line":24,"column":47}}],"line":24},"1":{"loc":{"start":{"line":30,"column":6},"end":{"line":32,"column":7}},"type":"if","locations":[{"start":{"line":30,"column":6},"end":{"line":32,"column":7}},{"start":{},"end":{}}],"line":30},"2":{"loc":{"start":{"line":38,"column":27},"end":{"line":38,"column":73}},"type":"binary-expr","locations":[{"start":{"line":38,"column":27},"end":{"line":38,"column":45}},{"start":{"line":38,"column":49},"end":{"line":38,"column":73}}],"line":38},"3":{"loc":{"start":{"line":52,"column":10},"end":{"line":52,"column":39}},"type":"binary-expr","locations":[{"start":{"line":52,"column":10},"end":{"line":52,"column":33}},{"start":{"line":52,"column":37},"end":{"line":52,"column":39}}],"line":52}},"s":{"0":3,"1":27,"2":27,"3":27,"4":27,"5":27,"6":27,"7":12,"8":12,"9":7,"10":12,"11":27,"12":19,"13":27,"14":3,"15":3,"16":3,"17":27,"18":4,"19":2,"20":1,"21":1,"22":1,"23":1,"24":1,"25":1,"26":27,"27":1},"f":{"0":27,"1":12,"2":12,"3":19,"4":3,"5":4,"6":2,"7":1,"8":1,"9":1,"10":1,"11":1},"b":{"0":[27,15],"1":[7,5],"2":[19,7],"3":[2,2]},"_coverageSchema":"1a1c01bbd47fc00a2c39e90264f33305004495a9","hash":"de97dedde53a0b95d7adcabfc15b39fc3e111643"}
,"/home/runner/work/TypeScript_Capacitor_LocalNotes/TypeScript_Capacitor_LocalNotes/src/custom_components/notNotesRelated/encryption_modal/screen-encryption-modal.tsx": {"path":"/home/runner/work/TypeScript_Capacitor_LocalNotes/TypeScript_Capacitor_LocalNotes/src/custom_components/notNotesRelated/encryption_modal/screen-encryption-modal.tsx","statementMap":{"0":{"start":{"line":20,"column":70},"end":{"line":135,"column":1}},"1":{"start":{"line":28,"column":16},"end":{"line":28,"column":32}},"2":{"start":{"line":29,"column":54},"end":{"line":31,"column":3}},"3":{"start":{"line":33,"column":2},"end":{"line":134,"column":4}},"4":{"start":{"line":45,"column":44},"end":{"line":45,"column":72}},"5":{"start":{"line":106,"column":27},"end":{"line":106,"column":48}}},"fnMap":{"0":{"name":"(anonymous_0)","decl":{"start":{"line":20,"column":70},"end":{"line":20,"column":71}},"loc":{"start":{"line":27,"column":6},"end":{"line":135,"column":1}},"line":27},"1":{"name":"(anonymous_1)","decl":{"start":{"line":45,"column":38},"end":{"line":45,"column":39}},"loc":{"start":{"line":45,"column":44},"end":{"line":45,"column":72}},"line":45},"2":{"name":"(anonymous_2)","decl":{"start":{"line":106,"column":21},"end":{"line":106,"column":22}},"loc":{"start":{"line":106,"column":27},"end":{"line":106,"column":48}},"line":106}},"branchMap":{"0":{"loc":{"start":{"line":44,"column":7},"end":{"line":46,"column":7}},"type":"binary-expr","locations":[{"start":{"line":44,"column":7},"end":{"line":44,"column":25}},{"start":{"line":45,"column":8},"end":{"line":45,"column":76}}],"line":44},"1":{"loc":{"start":{"line":64,"column":9},"end":{"line":64,"column":78}},"type":"binary-expr","locations":[{"start":{"line":64,"column":9},"end":{"line":64,"column":27}},{"start":{"line":64,"column":31},"end":{"line":64,"column":78}}],"line":64},"2":{"loc":{"start":{"line":102,"column":9},"end":{"line":108,"column":9}},"type":"binary-expr","locations":[{"start":{"line":102,"column":9},"end":{"line":102,"column":27}},{"start":{"line":103,"column":10},"end":{"line":107,"column":12}}],"line":102},"3":{"loc":{"start":{"line":115,"column":7},"end":{"line":132,"column":7}},"type":"binary-expr","locations":[{"start":{"line":115,"column":7},"end":{"line":115,"column":26}},{"start":{"line":116,"column":8},"end":{"line":131,"column":14}}],"line":115}},"s":{"0":4,"1":31,"2":31,"3":31,"4":0,"5":5},"f":{"0":31,"1":0,"2":5},"b":{"0":[31,31],"1":[31,19],"2":[31,19],"3":[31,8]},"_coverageSchema":"1a1c01bbd47fc00a2c39e90264f33305004495a9","hash":"157fb52e13c6b00a7da45a5e4a856bea09e8d4ea"}
,"/home/runner/work/TypeScript_Capacitor_LocalNotes/TypeScript_Capacitor_LocalNotes/src/custom_components/notNotesRelated/navBar/container-navBar.tsx": {"path":"/home/runner/work/TypeScript_Capacitor_LocalNotes/TypeScript_Capacitor_LocalNotes/src/custom_components/notNotesRelated/navBar/container-navBar.tsx","statementMap":{"0":{"start":{"line":10,"column":56},"end":{"line":74,"column":1}},"1":{"start":{"line":13,"column":19},"end":{"line":13,"column":32}},"2":{"start":{"line":14,"column":19},"end":{"line":14,"column":32}},"3":{"start":{"line":15,"column":38},"end":{"line":15,"column":50}},"4":{"start":{"line":16,"column":16},"end":{"line":16,"column":32}},"5":{"start":{"line":19,"column":4},"end":{"line":19,"column":73}},"6":{"start":{"line":20,"column":28},"end":{"line":20,"column":63}},"7":{"start":{"line":22,"column":30},"end":{"line":28,"column":3}},"8":{"start":{"line":23,"column":4},"end":{"line":27,"column":5}},"9":{"start":{"line":24,"column":6},"end":{"line":24,"column":28}},"10":{"start":{"line":26,"column":6},"end":{"line":26,"column":32}},"11":{"start":{"line":30,"column":26},"end":{"line":32,"column":3}},"12":{"start":{"line":31,"column":4},"end":{"line":31,"column":17}},"13":{"start":{"line":34,"column":29},"end":{"line":37,"column":3}},"14":{"start":{"line":35,"column":4},"end":{"line":35,"column":34}},"15":{"start":{"line":36,"column":4},"end":{"line":36,"column":35}},"16":{"start":{"line":39,"column":23},"end":{"line":42,"column":3}},"17":{"start":{"line":40,"column":4},"end":{"line":40,"column":23}},"18":{"start":{"line":41,"column":4},"end":{"line":41,"column":31}},"19":{"start":{"line":44,"column":23},"end":{"line":49,"column":3}},"20":{"start":{"line":45,"column":4},"end":{"line":48,"column":5}},"21":{"start":{"line":46,"column":6},"end":{"line":46,"column":39}},"22":{"start":{"line":47,"column":6},"end":{"line":47,"column":19}},"23":{"start":{"line":51,"column":2},"end":{"line":73,"column":4}}},"fnMap":{"0":{"name":"(anonymous_0)","decl":{"start":{"line":10,"column":56},"end":{"line":10,"column":57}},"loc":{"start":{"line":12,"column":6},"end":{"line":74,"column":1}},"line":12},"1":{"name":"(anonymous_1)","decl":{"start":{"line":22,"column":30},"end":{"line":22,"column":31}},"loc":{"start":{"line":22,"column":36},"end":{"line":28,"column":3}},"line":22},"2":{"name":"(anonymous_2)","decl":{"start":{"line":30,"column":26},"end":{"line":30,"column":27}},"loc":{"start":{"line":30,"column":32},"end":{"line":32,"column":3}},"line":30},"3":{"name":"(anonymous_3)","decl":{"start":{"line":34,"column":29},"end":{"line":34,"column":30}},"loc":{"start":{"line":34,"column":73},"end":{"line":37,"column":3}},"line":34},"4":{"name":"(anonymous_4)","decl":{"start":{"line":39,"column":23},"end":{"line":39,"column":24}},"loc":{"start":{"line":39,"column":47},"end":{"line":42,"column":3}},"line":39},"5":{"name":"(anonymous_5)","decl":{"start":{"line":44,"column":23},"end":{"line":44,"column":24}},"loc":{"start":{"line":44,"column":29},"end":{"line":49,"column":3}},"line":44}},"branchMap":{"0":{"loc":{"start":{"line":23,"column":4},"end":{"line":27,"column":5}},"type":"if","locations":[{"start":{"line":23,"column":4},"end":{"line":27,"column":5}},{"start":{"line":25,"column":11},"end":{"line":27,"column":5}}],"line":23},"1":{"loc":{"start":{"line":45,"column":4},"end":{"line":48,"column":5}},"type":"if","locations":[{"start":{"line":45,"column":4},"end":{"line":48,"column":5}},{"start":{},"end":{}}],"line":45},"2":{"loc":{"start":{"line":45,"column":8},"end":{"line":45,"column":55}},"type":"binary-expr","locations":[{"start":{"line":45,"column":8},"end":{"line":45,"column":14}},{"start":{"line":45,"column":18},"end":{"line":45,"column":55}}],"line":45},"3":{"loc":{"start":{"line":55,"column":8},"end":{"line":59,"column":43}},"type":"binary-expr","locations":[{"start":{"line":55,"column":8},"end":{"line":55,"column":50}},{"start":{"line":56,"column":8},"end":{"line":56,"column":48}},{"start":{"line":57,"column":8},"end":{"line":57,"column":47}},{"start":{"line":58,"column":8},"end":{"line":58,"column":51}},{"start":{"line":59,"column":8},"end":{"line":59,"column":43}}],"line":55},"4":{"loc":{"start":{"line":62,"column":8},"end":{"line":63,"column":52}},"type":"binary-expr","locations":[{"start":{"line":62,"column":8},"end":{"line":62,"column":48}},{"start":{"line":63,"column":8},"end":{"line":63,"column":52}}],"line":62}},"s":{"0":7,"1":12,"2":12,"3":12,"4":12,"5":12,"6":12,"7":12,"8":1,"9":1,"10":0,"11":12,"12":1,"13":12,"14":2,"15":2,"16":12,"17":1,"18":1,"19":12,"20":0,"21":0,"22":0,"23":12},"f":{"0":12,"1":1,"2":1,"3":2,"4":1,"5":0},"b":{"0":[1,0],"1":[0,0],"2":[0,0],"3":[12,10,10,10,10],"4":[12,12]},"_coverageSchema":"1a1c01bbd47fc00a2c39e90264f33305004495a9","hash":"f39d3969dbc7178090b9ab1c2fdd1096e60b0ce4"}
,"/home/runner/work/TypeScript_Capacitor_LocalNotes/TypeScript_Capacitor_LocalNotes/src/custom_components/notNotesRelated/navBar/screen-navBar.tsx": {"path":"/home/runner/work/TypeScript_Capacitor_LocalNotes/TypeScript_Capacitor_LocalNotes/src/custom_components/notNotesRelated/navBar/screen-navBar.tsx","statementMap":{"0":{"start":{"line":20,"column":46},"end":{"line":113,"column":1}},"1":{"start":{"line":32,"column":2},"end":{"line":112,"column":4}}},"fnMap":{"0":{"name":"(anonymous_0)","decl":{"start":{"line":20,"column":46},"end":{"line":20,"column":47}},"loc":{"start":{"line":31,"column":6},"end":{"line":113,"column":1}},"line":31}},"branchMap":{"0":{"loc":{"start":{"line":46,"column":9},"end":{"line":100,"column":9}},"type":"cond-expr","locations":[{"start":{"line":47,"column":10},"end":{"line":77,"column":16}},{"start":{"line":79,"column":10},"end":{"line":99,"column":17}}],"line":46},"1":{"loc":{"start":{"line":61,"column":13},"end":{"line":76,"column":13}},"type":"binary-expr","locations":[{"start":{"line":61,"column":13},"end":{"line":61,"column":26}},{"start":{"line":62,"column":14},"end":{"line":75,"column":23}}],"line":61},"2":{"loc":{"start":{"line":101,"column":11},"end":{"line":109,"column":11}},"type":"binary-expr","locations":[{"start":{"line":101,"column":11},"end":{"line":101,"column":29}},{"start":{"line":102,"column":12},"end":{"line":108,"column":21}}],"line":101}},"s":{"0":7,"1":10},"f":{"0":10},"b":{"0":[2,8],"1":[2,0],"2":[10,10]},"_coverageSchema":"1a1c01bbd47fc00a2c39e90264f33305004495a9","hash":"24f763480ef7972cbd5555f3f5c509ef7ea696d3"}
,"/home/runner/work/TypeScript_Capacitor_LocalNotes/TypeScript_Capacitor_LocalNotes/src/custom_components/notNotesRelated/settings/container_settings.tsx": {"path":"/home/runner/work/TypeScript_Capacitor_LocalNotes/TypeScript_Capacitor_LocalNotes/src/custom_components/notNotesRelated/settings/container_settings.tsx","statementMap":{"0":{"start":{"line":16,"column":36},"end":{"line":206,"column":1}},"1":{"start":{"line":17,"column":16},"end":{"line":17,"column":32}},"2":{"start":{"line":19,"column":31},"end":{"line":25,"column":3}},"3":{"start":{"line":20,"column":4},"end":{"line":24,"column":5}},"4":{"start":{"line":21,"column":6},"end":{"line":21,"column":29}},"5":{"start":{"line":23,"column":6},"end":{"line":23,"column":33}},"6":{"start":{"line":26,"column":33},"end":{"line":32,"column":3}},"7":{"start":{"line":27,"column":4},"end":{"line":31,"column":5}},"8":{"start":{"line":28,"column":6},"end":{"line":28,"column":31}},"9":{"start":{"line":30,"column":6},"end":{"line":30,"column":35}},"10":{"start":{"line":34,"column":19},"end":{"line":34,"column":32}},"11":{"start":{"line":35,"column":28},"end":{"line":35,"column":71}},"12":{"start":{"line":37,"column":54},"end":{"line":37,"column":69}},"13":{"start":{"line":38,"column":2},"end":{"line":45,"column":9}},"14":{"start":{"line":39,"column":28},"end":{"line":43,"column":5}},"15":{"start":{"line":40,"column":6},"end":{"line":42,"column":7}},"16":{"start":{"line":41,"column":8},"end":{"line":41,"column":36}},"17":{"start":{"line":44,"column":4},"end":{"line":44,"column":22}},"18":{"start":{"line":47,"column":31},"end":{"line":66,"column":3}},"19":{"start":{"line":51,"column":4},"end":{"line":65,"column":5}},"20":{"start":{"line":52,"column":6},"end":{"line":52,"column":27}},"21":{"start":{"line":53,"column":6},"end":{"line":61,"column":7}},"22":{"start":{"line":54,"column":8},"end":{"line":60,"column":9}},"23":{"start":{"line":55,"column":10},"end":{"line":57,"column":13}},"24":{"start":{"line":62,"column":6},"end":{"line":62,"column":20}},"25":{"start":{"line":63,"column":6},"end":{"line":63,"column":31}},"26":{"start":{"line":64,"column":6},"end":{"line":64,"column":54}},"27":{"start":{"line":68,"column":33},"end":{"line":73,"column":3}},"28":{"start":{"line":69,"column":4},"end":{"line":72,"column":5}},"29":{"start":{"line":70,"column":6},"end":{"line":70,"column":27}},"30":{"start":{"line":71,"column":6},"end":{"line":71,"column":56}},"31":{"start":{"line":75,"column":36},"end":{"line":87,"column":3}},"32":{"start":{"line":76,"column":4},"end":{"line":86,"column":5}},"33":{"start":{"line":77,"column":6},"end":{"line":85,"column":7}},"34":{"start":{"line":78,"column":8},"end":{"line":80,"column":11}},"35":{"start":{"line":81,"column":8},"end":{"line":81,"column":56}},"36":{"start":{"line":83,"column":8},"end":{"line":83,"column":60}},"37":{"start":{"line":84,"column":8},"end":{"line":84,"column":51}},"38":{"start":{"line":89,"column":27},"end":{"line":99,"column":3}},"39":{"start":{"line":90,"column":16},"end":{"line":90,"column":26}},"40":{"start":{"line":91,"column":17},"end":{"line":91,"column":34}},"41":{"start":{"line":92,"column":18},"end":{"line":92,"column":66}},"42":{"start":{"line":93,"column":16},"end":{"line":93,"column":57}},"43":{"start":{"line":94,"column":18},"end":{"line":94,"column":60}},"44":{"start":{"line":95,"column":20},"end":{"line":95,"column":64}},"45":{"start":{"line":96,"column":20},"end":{"line":96,"column":64}},"46":{"start":{"line":98,"column":4},"end":{"line":98,"column":74}},"47":{"start":{"line":101,"column":31},"end":{"line":139,"column":3}},"48":{"start":{"line":102,"column":16},"end":{"line":102,"column":18}},"49":{"start":{"line":103,"column":4},"end":{"line":112,"column":5}},"50":{"start":{"line":103,"column":17},"end":{"line":103,"column":18}},"51":{"start":{"line":104,"column":18},"end":{"line":104,"column":37}},"52":{"start":{"line":105,"column":6},"end":{"line":111,"column":7}},"53":{"start":{"line":106,"column":21},"end":{"line":106,"column":46}},"54":{"start":{"line":107,"column":8},"end":{"line":110,"column":9}},"55":{"start":{"line":108,"column":24},"end":{"line":108,"column":54}},"56":{"start":{"line":109,"column":10},"end":{"line":109,"column":48}},"57":{"start":{"line":114,"column":4},"end":{"line":138,"column":5}},"58":{"start":{"line":115,"column":23},"end":{"line":115,"column":41}},"59":{"start":{"line":116,"column":25},"end":{"line":116,"column":36}},"60":{"start":{"line":118,"column":6},"end":{"line":122,"column":9}},"61":{"start":{"line":124,"column":6},"end":{"line":135,"column":7}},"62":{"start":{"line":125,"column":26},"end":{"line":128,"column":10}},"63":{"start":{"line":130,"column":8},"end":{"line":132,"column":11}},"64":{"start":{"line":134,"column":8},"end":{"line":134,"column":38}},"65":{"start":{"line":137,"column":6},"end":{"line":137,"column":57}},"66":{"start":{"line":141,"column":23},"end":{"line":150,"column":3}},"67":{"start":{"line":142,"column":17},"end":{"line":142,"column":63}},"68":{"start":{"line":143,"column":17},"end":{"line":143,"column":44}},"69":{"start":{"line":144,"column":4},"end":{"line":144,"column":42}},"70":{"start":{"line":145,"column":4},"end":{"line":145,"column":29}},"71":{"start":{"line":146,"column":4},"end":{"line":146,"column":36}},"72":{"start":{"line":147,"column":4},"end":{"line":147,"column":17}},"73":{"start":{"line":148,"column":4},"end":{"line":148,"column":36}},"74":{"start":{"line":149,"column":4},"end":{"line":149,"column":35}},"75":{"start":{"line":152,"column":27},"end":{"line":174,"column":3}},"76":{"start":{"line":155,"column":17},"end":{"line":155,"column":66}},"77":{"start":{"line":156,"column":4},"end":{"line":173,"column":5}},"78":{"start":{"line":157,"column":6},"end":{"line":172,"column":7}},"79":{"start":{"line":158,"column":28},"end":{"line":158,"column":55}},"80":{"start":{"line":159,"column":8},"end":{"line":170,"column":9}},"81":{"start":{"line":160,"column":24},"end":{"line":160,"column":57}},"82":{"start":{"line":161,"column":10},"end":{"line":169,"column":11}},"83":{"start":{"line":161,"column":23},"end":{"line":161,"column":24}},"84":{"start":{"line":162,"column":24},"end":{"line":162,"column":41}},"85":{"start":{"line":163,"column":24},"end":{"line":163,"column":42}},"86":{"start":{"line":164,"column":12},"end":{"line":164,"column":39}},"87":{"start":{"line":165,"column":12},"end":{"line":165,"column":52}},"88":{"start":{"line":166,"column":12},"end":{"line":168,"column":13}},"89":{"start":{"line":167,"column":14},"end":{"line":167,"column":47}},"90":{"start":{"line":171,"column":8},"end":{"line":171,"column":53}},"91":{"start":{"line":176,"column":26},"end":{"line":191,"column":3}},"92":{"start":{"line":177,"column":4},"end":{"line":190,"column":7}},"93":{"start":{"line":178,"column":21},"end":{"line":178,"column":37}},"94":{"start":{"line":180,"column":6},"end":{"line":183,"column":8}},"95":{"start":{"line":181,"column":21},"end":{"line":181,"column":41}},"96":{"start":{"line":182,"column":8},"end":{"line":182,"column":32}},"97":{"start":{"line":185,"column":6},"end":{"line":187,"column":8}},"98":{"start":{"line":186,"column":8},"end":{"line":186,"column":36}},"99":{"start":{"line":189,"column":6},"end":{"line":189,"column":30}},"100":{"start":{"line":193,"column":2},"end":{"line":205,"column":4}}},"fnMap":{"0":{"name":"(anonymous_0)","decl":{"start":{"line":16,"column":36},"end":{"line":16,"column":37}},"loc":{"start":{"line":16,"column":42},"end":{"line":206,"column":1}},"line":16},"1":{"name":"(anonymous_1)","decl":{"start":{"line":19,"column":31},"end":{"line":19,"column":32}},"loc":{"start":{"line":19,"column":63},"end":{"line":25,"column":3}},"line":19},"2":{"name":"(anonymous_2)","decl":{"start":{"line":26,"column":33},"end":{"line":26,"column":34}},"loc":{"start":{"line":26,"column":65},"end":{"line":32,"column":3}},"line":26},"3":{"name":"(anonymous_3)","decl":{"start":{"line":38,"column":12},"end":{"line":38,"column":13}},"loc":{"start":{"line":38,"column":18},"end":{"line":45,"column":3}},"line":38},"4":{"name":"(anonymous_4)","decl":{"start":{"line":39,"column":28},"end":{"line":39,"column":29}},"loc":{"start":{"line":39,"column":40},"end":{"line":43,"column":5}},"line":39},"5":{"name":"(anonymous_5)","decl":{"start":{"line":47,"column":31},"end":{"line":47,"column":32}},"loc":{"start":{"line":50,"column":22},"end":{"line":66,"column":3}},"line":50},"6":{"name":"(anonymous_6)","decl":{"start":{"line":68,"column":33},"end":{"line":68,"column":34}},"loc":{"start":{"line":68,"column":60},"end":{"line":73,"column":3}},"line":68},"7":{"name":"(anonymous_7)","decl":{"start":{"line":75,"column":36},"end":{"line":75,"column":37}},"loc":{"start":{"line":75,"column":48},"end":{"line":87,"column":3}},"line":75},"8":{"name":"(anonymous_8)","decl":{"start":{"line":89,"column":27},"end":{"line":89,"column":28}},"loc":{"start":{"line":89,"column":33},"end":{"line":99,"column":3}},"line":89},"9":{"name":"(anonymous_9)","decl":{"start":{"line":101,"column":31},"end":{"line":101,"column":32}},"loc":{"start":{"line":101,"column":43},"end":{"line":139,"column":3}},"line":101},"10":{"name":"(anonymous_10)","decl":{"start":{"line":141,"column":23},"end":{"line":141,"column":24}},"loc":{"start":{"line":141,"column":65},"end":{"line":150,"column":3}},"line":141},"11":{"name":"(anonymous_11)","decl":{"start":{"line":152,"column":27},"end":{"line":152,"column":28}},"loc":{"start":{"line":154,"column":7},"end":{"line":174,"column":3}},"line":154},"12":{"name":"(anonymous_12)","decl":{"start":{"line":176,"column":26},"end":{"line":176,"column":27}},"loc":{"start":{"line":176,"column":66},"end":{"line":191,"column":3}},"line":176},"13":{"name":"(anonymous_13)","decl":{"start":{"line":177,"column":23},"end":{"line":177,"column":24}},"loc":{"start":{"line":177,"column":44},"end":{"line":190,"column":5}},"line":177},"14":{"name":"(anonymous_14)","decl":{"start":{"line":180,"column":22},"end":{"line":180,"column":23}},"loc":{"start":{"line":180,"column":33},"end":{"line":183,"column":7}},"line":180},"15":{"name":"(anonymous_15)","decl":{"start":{"line":185,"column":23},"end":{"line":185,"column":24}},"loc":{"start":{"line":185,"column":34},"end":{"line":187,"column":7}},"line":185}},"branchMap":{"0":{"loc":{"start":{"line":20,"column":4},"end":{"line":24,"column":5}},"type":"if","locations":[{"start":{"line":20,"column":4},"end":{"line":24,"column":5}},{"start":{"line":22,"column":11},"end":{"line":24,"column":5}}],"line":20},"1":{"loc":{"start":{"line":27,"column":4},"end":{"line":31,"column":5}},"type":"if","locations":[{"start":{"line":27,"column":4},"end":{"line":31,"column":5}},{"start":{"line":29,"column":11},"end":{"line":31,"column":5}}],"line":27},"2":{"loc":{"start":{"line":40,"column":6},"end":{"line":42,"column":7}},"type":"if","locations":[{"start":{"line":40,"column":6},"end":{"line":42,"column":7}},{"start":{},"end":{}}],"line":40},"3":{"loc":{"start":{"line":51,"column":4},"end":{"line":65,"column":5}},"type":"if","locations":[{"start":{"line":51,"column":4},"end":{"line":65,"column":5}},{"start":{},"end":{}}],"line":51},"4":{"loc":{"start":{"line":53,"column":6},"end":{"line":61,"column":7}},"type":"if","locations":[{"start":{"line":53,"column":6},"end":{"line":61,"column":7}},{"start":{},"end":{}}],"line":53},"5":{"loc":{"start":{"line":69,"column":4},"end":{"line":72,"column":5}},"type":"if","locations":[{"start":{"line":69,"column":4},"end":{"line":72,"column":5}},{"start":{},"end":{}}],"line":69},"6":{"loc":{"start":{"line":76,"column":4},"end":{"line":86,"column":5}},"type":"if","locations":[{"start":{"line":76,"column":4},"end":{"line":86,"column":5}},{"start":{},"end":{}}],"line":76},"7":{"loc":{"start":{"line":105,"column":6},"end":{"line":111,"column":7}},"type":"if","locations":[{"start":{"line":105,"column":6},"end":{"line":111,"column":7}},{"start":{},"end":{}}],"line":105},"8":{"loc":{"start":{"line":107,"column":8},"end":{"line":110,"column":9}},"type":"if","locations":[{"start":{"line":107,"column":8},"end":{"line":110,"column":9}},{"start":{},"end":{}}],"line":107},"9":{"loc":{"start":{"line":155,"column":17},"end":{"line":155,"column":66}},"type":"cond-expr","locations":[{"start":{"line":155,"column":38},"end":{"line":155,"column":59}},{"start":{"line":155,"column":62},"end":{"line":155,"column":66}}],"line":155},"10":{"loc":{"start":{"line":156,"column":4},"end":{"line":173,"column":5}},"type":"if","locations":[{"start":{"line":156,"column":4},"end":{"line":173,"column":5}},{"start":{},"end":{}}],"line":156},"11":{"loc":{"start":{"line":157,"column":6},"end":{"line":172,"column":7}},"type":"if","locations":[{"start":{"line":157,"column":6},"end":{"line":172,"column":7}},{"start":{},"end":{}}],"line":157},"12":{"loc":{"start":{"line":159,"column":8},"end":{"line":170,"column":9}},"type":"if","locations":[{"start":{"line":159,"column":8},"end":{"line":170,"column":9}},{"start":{},"end":{}}],"line":159},"13":{"loc":{"start":{"line":163,"column":24},"end":{"line":163,"column":42}},"type":"binary-expr","locations":[{"start":{"line":163,"column":24},"end":{"line":163,"column":36}},{"start":{"line":163,"column":40},"end":{"line":163,"column":42}}],"line":163},"14":{"loc":{"start":{"line":166,"column":12},"end":{"line":168,"column":13}},"type":"if","locations":[{"start":{"line":166,"column":12},"end":{"line":168,"column":13}},{"start":{},"end":{}}],"line":166}},"s":{"0":3,"1":8,"2":8,"3":0,"4":0,"5":0,"6":8,"7":0,"8":0,"9":0,"10":8,"11":8,"12":8,"13":8,"14":4,"15":4,"16":4,"17":4,"18":8,"19":0,"20":0,"21":0,"22":0,"23":0,"24":0,"25":0,"26":0,"27":8,"28":1,"29":1,"30":1,"31":8,"32":1,"33":1,"34":1,"35":1,"36":0,"37":0,"38":8,"39":1,"40":1,"41":1,"42":1,"43":1,"44":1,"45":1,"46":1,"47":8,"48":1,"49":1,"50":1,"51":2,"52":2,"53":2,"54":2,"55":2,"56":2,"57":1,"58":1,"59":1,"60":1,"61":1,"62":1,"63":1,"64":1,"65":0,"66":8,"67":1,"68":1,"69":1,"70":1,"71":1,"72":1,"73":1,"74":1,"75":8,"76":0,"77":0,"78":0,"79":0,"80":0,"81":0,"82":0,"83":0,"84":0,"85":0,"86":0,"87":0,"88":0,"89":0,"90":0,"91":8,"92":0,"93":0,"94":0,"95":0,"96":0,"97":0,"98":0,"99":0,"100":8},"f":{"0":8,"1":0,"2":0,"3":4,"4":4,"5":0,"6":1,"7":1,"8":1,"9":1,"10":1,"11":0,"12":0,"13":0,"14":0,"15":0},"b":{"0":[0,0],"1":[0,0],"2":[4,0],"3":[0,0],"4":[0,0],"5":[1,0],"6":[1,0],"7":[2,0],"8":[2,0],"9":[0,0],"10":[0,0],"11":[0,0],"12":[0,0],"13":[0,0],"14":[0,0]},"_coverageSchema":"1a1c01bbd47fc00a2c39e90264f33305004495a9","hash":"1a5a6e6b90ecea0ab62f26bda2bbe793ecf4153d"}
,"/home/runner/work/TypeScript_Capacitor_LocalNotes/TypeScript_Capacitor_LocalNotes/src/custom_components/notNotesRelated/settings/screen_settings.tsx": {"path":"/home/runner/work/TypeScript_Capacitor_LocalNotes/TypeScript_Capacitor_LocalNotes/src/custom_components/notNotesRelated/settings/screen_settings.tsx","statementMap":{"0":{"start":{"line":24,"column":46},"end":{"line":167,"column":1}},"1":{"start":{"line":35,"column":19},"end":{"line":35,"column":32}},"2":{"start":{"line":36,"column":16},"end":{"line":36,"column":32}},"3":{"start":{"line":39,"column":28},"end":{"line":39,"column":36}},"4":{"start":{"line":41,"column":2},"end":{"line":166,"column":4}},"5":{"start":{"line":87,"column":33},"end":{"line":87,"column":79}},"6":{"start":{"line":94,"column":33},"end":{"line":94,"column":53}},"7":{"start":{"line":101,"column":33},"end":{"line":101,"column":51}},"8":{"start":{"line":139,"column":29},"end":{"line":139,"column":57}},"9":{"start":{"line":146,"column":29},"end":{"line":146,"column":55}}},"fnMap":{"0":{"name":"(anonymous_0)","decl":{"start":{"line":24,"column":46},"end":{"line":24,"column":47}},"loc":{"start":{"line":34,"column":6},"end":{"line":167,"column":1}},"line":34},"1":{"name":"(anonymous_1)","decl":{"start":{"line":39,"column":28},"end":{"line":39,"column":29}},"loc":{"start":{"line":39,"column":34},"end":{"line":39,"column":36}},"line":39},"2":{"name":"(anonymous_2)","decl":{"start":{"line":87,"column":27},"end":{"line":87,"column":28}},"loc":{"start":{"line":87,"column":33},"end":{"line":87,"column":79}},"line":87},"3":{"name":"(anonymous_3)","decl":{"start":{"line":94,"column":27},"end":{"line":94,"column":28}},"loc":{"start":{"line":94,"column":33},"end":{"line":94,"column":53}},"line":94},"4":{"name":"(anonymous_4)","decl":{"start":{"line":101,"column":27},"end":{"line":101,"column":28}},"loc":{"start":{"line":101,"column":33},"end":{"line":101,"column":51}},"line":101},"5":{"name":"(anonymous_5)","decl":{"start":{"line":139,"column":23},"end":{"line":139,"column":24}},"loc":{"start":{"line":139,"column":29},"end":{"line":139,"column":57}},"line":139},"6":{"name":"(anonymous_6)","decl":{"start":{"line":146,"column":23},"end":{"line":146,"column":24}},"loc":{"start":{"line":146,"column":29},"end":{"line":146,"column":55}},"line":146}},"branchMap":{"0":{"loc":{"start":{"line":44,"column":12},"end":{"line":53,"column":13}},"type":"cond-expr","locations":[{"start":{"line":45,"column":12},"end":{"line":45,"column":14}},{"start":{"line":46,"column":12},"end":{"line":53,"column":13}}],"line":44},"1":{"loc":{"start":{"line":61,"column":9},"end":{"line":65,"column":9}},"type":"binary-expr","locations":[{"start":{"line":61,"column":9},"end":{"line":61,"column":27}},{"start":{"line":62,"column":10},"end":{"line":64,"column":13}}],"line":61},"2":{"loc":{"start":{"line":69,"column":13},"end":{"line":133,"column":13}},"type":"binary-expr","locations":[{"start":{"line":69,"column":13},"end":{"line":69,"column":30}},{"start":{"line":70,"column":14},"end":{"line":132,"column":17}}],"line":69},"3":{"loc":{"start":{"line":73,"column":17},"end":{"line":83,"column":17}},"type":"binary-expr","locations":[{"start":{"line":73,"column":17},"end":{"line":73,"column":35}},{"start":{"line":74,"column":18},"end":{"line":82,"column":21}}],"line":73}},"s":{"0":4,"1":16,"2":16,"3":16,"4":16,"5":1,"6":2,"7":2,"8":1,"9":1},"f":{"0":16,"1":0,"2":1,"3":2,"4":2,"5":1,"6":1},"b":{"0":[16,0],"1":[16,0],"2":[16,16],"3":[16,12]},"_coverageSchema":"1a1c01bbd47fc00a2c39e90264f33305004495a9","hash":"0f7308156697e6ba5bd64de8df5acaba540995eb"}
,"/home/runner/work/TypeScript_Capacitor_LocalNotes/TypeScript_Capacitor_LocalNotes/src/custom_components/notNotesRelated/welcomeOverlay/welcomeOverlay.tsx": {"path":"/home/runner/work/TypeScript_Capacitor_LocalNotes/TypeScript_Capacitor_LocalNotes/src/custom_components/notNotesRelated/welcomeOverlay/welcomeOverlay.tsx","statementMap":{"0":{"start":{"line":9,"column":54},"end":{"line":57,"column":1}},"1":{"start":{"line":10,"column":48},"end":{"line":10,"column":71}},"2":{"start":{"line":11,"column":16},"end":{"line":11,"column":32}},"3":{"start":{"line":13,"column":30},"end":{"line":16,"column":3}},"4":{"start":{"line":14,"column":4},"end":{"line":14,"column":54}},"5":{"start":{"line":15,"column":4},"end":{"line":15,"column":19}},"6":{"start":{"line":18,"column":2},"end":{"line":56,"column":4}},"7":{"start":{"line":33,"column":27},"end":{"line":33,"column":52}},"8":{"start":{"line":61,"column":42},"end":{"line":72,"column":1}},"9":{"start":{"line":74,"column":58},"end":{"line":81,"column":1}},"10":{"start":{"line":83,"column":46},"end":{"line":99,"column":1}}},"fnMap":{"0":{"name":"(anonymous_0)","decl":{"start":{"line":9,"column":54},"end":{"line":9,"column":55}},"loc":{"start":{"line":9,"column":76},"end":{"line":57,"column":1}},"line":9},"1":{"name":"(anonymous_1)","decl":{"start":{"line":13,"column":30},"end":{"line":13,"column":31}},"loc":{"start":{"line":13,"column":36},"end":{"line":16,"column":3}},"line":13},"2":{"name":"(anonymous_2)","decl":{"start":{"line":33,"column":21},"end":{"line":33,"column":22}},"loc":{"start":{"line":33,"column":27},"end":{"line":33,"column":52}},"line":33}},"branchMap":{"0":{"loc":{"start":{"line":20,"column":7},"end":{"line":54,"column":7}},"type":"cond-expr","locations":[{"start":{"line":21,"column":8},"end":{"line":38,"column":14}},{"start":{"line":40,"column":8},"end":{"line":53,"column":14}}],"line":20}},"s":{"0":5,"1":36,"2":36,"3":36,"4":1,"5":1,"6":36,"7":2,"8":5,"9":5,"10":5},"f":{"0":36,"1":1,"2":2},"b":{"0":[34,2]},"_coverageSchema":"1a1c01bbd47fc00a2c39e90264f33305004495a9","hash":"730c9c0959f177b0cadb387ec28b291dcbd113a1"}
,"/home/runner/work/TypeScript_Capacitor_LocalNotes/TypeScript_Capacitor_LocalNotes/src/modules/app_configuration/app_texts.ts": {"path":"/home/runner/work/TypeScript_Capacitor_LocalNotes/TypeScript_Capacitor_LocalNotes/src/modules/app_configuration/app_texts.ts","statementMap":{"0":{"start":{"line":1,"column":32},"end":{"line":1,"column":14908}},"1":{"start":{"line":1,"column":14939},"end":{"line":1,"column":15239}}},"fnMap":{},"branchMap":{},"s":{"0":2,"1":2},"f":{},"b":{},"_coverageSchema":"1a1c01bbd47fc00a2c39e90264f33305004495a9","hash":"accfdd84855f8b8c6f908648917b0fc53728e4d5"}
,"/home/runner/work/TypeScript_Capacitor_LocalNotes/TypeScript_Capacitor_LocalNotes/src/modules/legal/codeToTextParser.tsx": {"path":"/home/runner/work/TypeScript_Capacitor_LocalNotes/TypeScript_Capacitor_LocalNotes/src/modules/legal/codeToTextParser.tsx","statementMap":{"0":{"start":{"line":7,"column":61},"end":{"line":40,"column":1}},"1":{"start":{"line":8,"column":31},"end":{"line":37,"column":3}},"2":{"start":{"line":9,"column":22},"end":{"line":9,"column":48}},"3":{"start":{"line":10,"column":18},"end":{"line":10,"column":38}},"4":{"start":{"line":11,"column":19},"end":{"line":35,"column":6}},"5":{"start":{"line":12,"column":25},"end":{"line":12,"column":26}},"6":{"start":{"line":13,"column":23},"end":{"line":13,"column":25}},"7":{"start":{"line":14,"column":18},"end":{"line":14,"column":38}},"8":{"start":{"line":15,"column":6},"end":{"line":24,"column":7}},"9":{"start":{"line":16,"column":23},"end":{"line":16,"column":60}},"10":{"start":{"line":17,"column":8},"end":{"line":19,"column":9}},"11":{"start":{"line":18,"column":10},"end":{"line":18,"column":32}},"12":{"start":{"line":20,"column":21},"end":{"line":20,"column":29}},"13":{"start":{"line":21,"column":8},"end":{"line":21,"column":66}},"14":{"start":{"line":22,"column":8},"end":{"line":22,"column":53}},"15":{"start":{"line":23,"column":8},"end":{"line":23,"column":37}},"16":{"start":{"line":25,"column":24},"end":{"line":25,"column":48}},"17":{"start":{"line":26,"column":6},"end":{"line":28,"column":7}},"18":{"start":{"line":27,"column":8},"end":{"line":27,"column":33}},"19":{"start":{"line":29,"column":6},"end":{"line":34,"column":8}},"20":{"start":{"line":36,"column":4},"end":{"line":36,"column":18}},"21":{"start":{"line":39,"column":2},"end":{"line":39,"column":43}}},"fnMap":{"0":{"name":"(anonymous_0)","decl":{"start":{"line":7,"column":61},"end":{"line":7,"column":62}},"loc":{"start":{"line":7,"column":75},"end":{"line":40,"column":1}},"line":7},"1":{"name":"(anonymous_1)","decl":{"start":{"line":8,"column":31},"end":{"line":8,"column":32}},"loc":{"start":{"line":8,"column":49},"end":{"line":37,"column":3}},"line":8},"2":{"name":"(anonymous_2)","decl":{"start":{"line":11,"column":29},"end":{"line":11,"column":30}},"loc":{"start":{"line":11,"column":46},"end":{"line":35,"column":5}},"line":11}},"branchMap":{"0":{"loc":{"start":{"line":17,"column":8},"end":{"line":19,"column":9}},"type":"if","locations":[{"start":{"line":17,"column":8},"end":{"line":19,"column":9}},{"start":{},"end":{}}],"line":17},"1":{"loc":{"start":{"line":26,"column":6},"end":{"line":28,"column":7}},"type":"if","locations":[{"start":{"line":26,"column":6},"end":{"line":28,"column":7}},{"start":{},"end":{}}],"line":26},"2":{"loc":{"start":{"line":32,"column":11},"end":{"line":32,"column":45}},"type":"binary-expr","locations":[{"start":{"line":32,"column":11},"end":{"line":32,"column":35}},{"start":{"line":32,"column":39},"end":{"line":32,"column":45}}],"line":32}},"s":{"0":5,"1":11,"2":11,"3":11,"4":11,"5":12,"6":12,"7":12,"8":12,"9":6,"10":6,"11":5,"12":6,"13":6,"14":6,"15":6,"16":12,"17":12,"18":10,"19":12,"20":11,"21":11},"f":{"0":11,"1":11,"2":12},"b":{"0":[5,1],"1":[10,2],"2":[12,1]},"_coverageSchema":"1a1c01bbd47fc00a2c39e90264f33305004495a9","hash":"32f01c71204b0d11c9f70029e3c8c530d778a689"}
,"/home/runner/work/TypeScript_Capacitor_LocalNotes/TypeScript_Capacitor_LocalNotes/src/modules/legal/datenschutz.tsx": {"path":"/home/runner/work/TypeScript_Capacitor_LocalNotes/TypeScript_Capacitor_LocalNotes/src/modules/legal/datenschutz.tsx","statementMap":{"0":{"start":{"line":8,"column":30},"end":{"line":58,"column":1}},"1":{"start":{"line":9,"column":19},"end":{"line":9,"column":32}},"2":{"start":{"line":10,"column":28},"end":{"line":10,"column":63}},"3":{"start":{"line":13,"column":28},"end":{"line":13,"column":36}},"4":{"start":{"line":15,"column":2},"end":{"line":57,"column":4}}},"fnMap":{"0":{"name":"(anonymous_0)","decl":{"start":{"line":8,"column":30},"end":{"line":8,"column":31}},"loc":{"start":{"line":8,"column":36},"end":{"line":58,"column":1}},"line":8},"1":{"name":"(anonymous_1)","decl":{"start":{"line":13,"column":28},"end":{"line":13,"column":29}},"loc":{"start":{"line":13,"column":34},"end":{"line":13,"column":36}},"line":13}},"branchMap":{"0":{"loc":{"start":{"line":18,"column":12},"end":{"line":27,"column":13}},"type":"cond-expr","locations":[{"start":{"line":19,"column":12},"end":{"line":19,"column":14}},{"start":{"line":20,"column":12},"end":{"line":27,"column":13}}],"line":18},"1":{"loc":{"start":{"line":35,"column":9},"end":{"line":39,"column":9}},"type":"binary-expr","locations":[{"start":{"line":35,"column":9},"end":{"line":35,"column":27}},{"start":{"line":36,"column":10},"end":{"line":38,"column":13}}],"line":35}},"s":{"0":3,"1":2,"2":2,"3":2,"4":2},"f":{"0":2,"1":0},"b":{"0":[2,0],"1":[2,0]},"_coverageSchema":"1a1c01bbd47fc00a2c39e90264f33305004495a9","hash":"b8b58f4b6bea4691fd251838728a8c480ccbb2f0"}
,"/home/runner/work/TypeScript_Capacitor_LocalNotes/TypeScript_Capacitor_LocalNotes/src/modules/legal/impressum.tsx": {"path":"/home/runner/work/TypeScript_Capacitor_LocalNotes/TypeScript_Capacitor_LocalNotes/src/modules/legal/impressum.tsx","statementMap":{"0":{"start":{"line":8,"column":28},"end":{"line":58,"column":1}},"1":{"start":{"line":9,"column":19},"end":{"line":9,"column":32}},"2":{"start":{"line":10,"column":28},"end":{"line":10,"column":63}},"3":{"start":{"line":13,"column":28},"end":{"line":13,"column":36}},"4":{"start":{"line":15,"column":2},"end":{"line":57,"column":4}}},"fnMap":{"0":{"name":"(anonymous_0)","decl":{"start":{"line":8,"column":28},"end":{"line":8,"column":29}},"loc":{"start":{"line":8,"column":34},"end":{"line":58,"column":1}},"line":8},"1":{"name":"(anonymous_1)","decl":{"start":{"line":13,"column":28},"end":{"line":13,"column":29}},"loc":{"start":{"line":13,"column":34},"end":{"line":13,"column":36}},"line":13}},"branchMap":{"0":{"loc":{"start":{"line":18,"column":12},"end":{"line":27,"column":13}},"type":"cond-expr","locations":[{"start":{"line":19,"column":12},"end":{"line":19,"column":14}},{"start":{"line":20,"column":12},"end":{"line":27,"column":13}}],"line":18},"1":{"loc":{"start":{"line":35,"column":9},"end":{"line":39,"column":9}},"type":"binary-expr","locations":[{"start":{"line":35,"column":9},"end":{"line":35,"column":27}},{"start":{"line":36,"column":10},"end":{"line":38,"column":13}}],"line":35}},"s":{"0":3,"1":2,"2":2,"3":2,"4":2},"f":{"0":2,"1":0},"b":{"0":[2,0],"1":[2,0]},"_coverageSchema":"1a1c01bbd47fc00a2c39e90264f33305004495a9","hash":"f694f068d2524986fd046e8b07478ea8ea464fe5"}
,"/home/runner/work/TypeScript_Capacitor_LocalNotes/TypeScript_Capacitor_LocalNotes/src/modules/legal/usedLibs/container_usedLibList.tsx": {"path":"/home/runner/work/TypeScript_Capacitor_LocalNotes/TypeScript_Capacitor_LocalNotes/src/modules/legal/usedLibs/container_usedLibList.tsx","statementMap":{"0":{"start":{"line":27,"column":40},"end":{"line":63,"column":1}},"1":{"start":{"line":28,"column":26},"end":{"line":28,"column":41}},"2":{"start":{"line":29,"column":16},"end":{"line":29,"column":32}},"3":{"start":{"line":31,"column":34},"end":{"line":39,"column":4}},"4":{"start":{"line":32,"column":28},"end":{"line":32,"column":42}},"5":{"start":{"line":33,"column":4},"end":{"line":38,"column":6}},"6":{"start":{"line":43,"column":26},"end":{"line":45,"column":3}},"7":{"start":{"line":44,"column":4},"end":{"line":44,"column":18}},"8":{"start":{"line":47,"column":22},"end":{"line":49,"column":3}},"9":{"start":{"line":48,"column":4},"end":{"line":48,"column":19}},"10":{"start":{"line":51,"column":2},"end":{"line":62,"column":4}}},"fnMap":{"0":{"name":"(anonymous_0)","decl":{"start":{"line":27,"column":40},"end":{"line":27,"column":41}},"loc":{"start":{"line":27,"column":46},"end":{"line":63,"column":1}},"line":27},"1":{"name":"(anonymous_1)","decl":{"start":{"line":31,"column":96},"end":{"line":31,"column":97}},"loc":{"start":{"line":31,"column":114},"end":{"line":39,"column":3}},"line":31},"2":{"name":"(anonymous_2)","decl":{"start":{"line":43,"column":26},"end":{"line":43,"column":27}},"loc":{"start":{"line":43,"column":32},"end":{"line":45,"column":3}},"line":43},"3":{"name":"(anonymous_3)","decl":{"start":{"line":47,"column":22},"end":{"line":47,"column":23}},"loc":{"start":{"line":47,"column":28},"end":{"line":49,"column":3}},"line":47}},"branchMap":{},"s":{"0":5,"1":24,"2":24,"3":24,"4":5760,"5":5760,"6":24,"7":2,"8":24,"9":1,"10":24},"f":{"0":24,"1":5760,"2":2,"3":1},"b":{},"_coverageSchema":"1a1c01bbd47fc00a2c39e90264f33305004495a9","hash":"2dd0bd73a7385a76f53125e821eb21747032a309"}
,"/home/runner/work/TypeScript_Capacitor_LocalNotes/TypeScript_Capacitor_LocalNotes/src/modules/legal/usedLibs/screen_usedLibList.tsx": {"path":"/home/runner/work/TypeScript_Capacitor_LocalNotes/TypeScript_Capacitor_LocalNotes/src/modules/legal/usedLibs/screen_usedLibList.tsx","statementMap":{"0":{"start":{"line":13,"column":18},"end":{"line":17,"column":2}},"1":{"start":{"line":32,"column":60},"end":{"line":76,"column":1}},"2":{"start":{"line":37,"column":16},"end":{"line":37,"column":32}},"3":{"start":{"line":38,"column":28},"end":{"line":40,"column":3}},"4":{"start":{"line":39,"column":4},"end":{"line":39,"column":31}},"5":{"start":{"line":42,"column":2},"end":{"line":75,"column":4}},"6":{"start":{"line":55,"column":14},"end":{"line":64,"column":25}},"7":{"start":{"line":58,"column":31},"end":{"line":58,"column":67}}},"fnMap":{"0":{"name":"(anonymous_0)","decl":{"start":{"line":32,"column":60},"end":{"line":32,"column":61}},"loc":{"start":{"line":36,"column":6},"end":{"line":76,"column":1}},"line":36},"1":{"name":"(anonymous_1)","decl":{"start":{"line":38,"column":28},"end":{"line":38,"column":29}},"loc":{"start":{"line":38,"column":45},"end":{"line":40,"column":3}},"line":38},"2":{"name":"(anonymous_2)","decl":{"start":{"line":54,"column":28},"end":{"line":54,"column":29}},"loc":{"start":{"line":55,"column":14},"end":{"line":64,"column":25}},"line":55},"3":{"name":"(anonymous_3)","decl":{"start":{"line":58,"column":25},"end":{"line":58,"column":26}},"loc":{"start":{"line":58,"column":31},"end":{"line":58,"column":67}},"line":58}},"branchMap":{},"s":{"0":6,"1":6,"2":25,"3":25,"4":1,"5":25,"6":5761,"7":1},"f":{"0":25,"1":1,"2":5761,"3":1},"b":{},"_coverageSchema":"1a1c01bbd47fc00a2c39e90264f33305004495a9","hash":"5b13a89c204386010091315c1bb6062b6b39c45e"}
,"/home/runner/work/TypeScript_Capacitor_LocalNotes/TypeScript_Capacitor_LocalNotes/src/modules/ui/floatingBtn.tsx": {"path":"/home/runner/work/TypeScript_Capacitor_LocalNotes/TypeScript_Capacitor_LocalNotes/src/modules/ui/floatingBtn.tsx","statementMap":{"0":{"start":{"line":19,"column":48},"end":{"line":70,"column":1}},"1":{"start":{"line":23,"column":2},"end":{"line":51,"column":3}},"2":{"start":{"line":25,"column":6},"end":{"line":31,"column":8}},"3":{"start":{"line":32,"column":6},"end":{"line":32,"column":12}},"4":{"start":{"line":34,"column":6},"end":{"line":40,"column":8}},"5":{"start":{"line":41,"column":6},"end":{"line":41,"column":12}},"6":{"start":{"line":43,"column":6},"end":{"line":49,"column":8}},"7":{"start":{"line":50,"column":6},"end":{"line":50,"column":12}},"8":{"start":{"line":53,"column":2},"end":{"line":69,"column":4}}},"fnMap":{"0":{"name":"(anonymous_0)","decl":{"start":{"line":19,"column":48},"end":{"line":19,"column":49}},"loc":{"start":{"line":19,"column":82},"end":{"line":70,"column":1}},"line":19}},"branchMap":{"0":{"loc":{"start":{"line":23,"column":2},"end":{"line":51,"column":3}},"type":"switch","locations":[{"start":{"line":24,"column":4},"end":{"line":32,"column":12}},{"start":{"line":33,"column":4},"end":{"line":41,"column":12}},{"start":{"line":42,"column":4},"end":{"line":50,"column":12}}],"line":23}},"s":{"0":7,"1":80,"2":20,"3":20,"4":14,"5":14,"6":46,"7":46,"8":80},"f":{"0":80},"b":{"0":[20,14,46]},"_coverageSchema":"1a1c01bbd47fc00a2c39e90264f33305004495a9","hash":"9a56065f9a08dd4005f16be4e4322c6e65fecbd2"}
}
