{"/Users/christianscheub/Documents/Develope/Capacitor/Repos/LocalNotes/TypeScript_Capacitor_LocalNotes/src/App.tsx": {"path":"/Users/christianscheub/Documents/Develope/Capacitor/Repos/LocalNotes/TypeScript_Capacitor_LocalNotes/src/App.tsx","statementMap":{"0":{"start":{"line":10,"column":22},"end":{"line":68,"column":1}},"1":{"start":{"line":11,"column":44},"end":{"line":11,"column":64}},"2":{"start":{"line":12,"column":40},"end":{"line":12,"column":60}},"3":{"start":{"line":14,"column":2},"end":{"line":67,"column":4}}},"fnMap":{"0":{"name":"(anonymous_0)","decl":{"start":{"line":10,"column":22},"end":{"line":10,"column":23}},"loc":{"start":{"line":10,"column":28},"end":{"line":68,"column":1}},"line":10}},"branchMap":{"0":{"loc":{"start":{"line":16,"column":7},"end":{"line":65,"column":7}},"type":"cond-expr","locations":[{"start":{"line":17,"column":8},"end":{"line":27,"column":14}},{"start":{"line":29,"column":8},"end":{"line":64,"column":14}}],"line":16}},"s":{"0":2,"1":4,"2":4,"3":4},"f":{"0":4},"b":{"0":[4,0]},"_coverageSchema":"1a1c01bbd47fc00a2c39e90264f33305004495a9","hash":"55a73d37ed0cbbbfc282dac80eed2c7743a3645a"}
,"/Users/christianscheub/Documents/Develope/Capacitor/Repos/LocalNotes/TypeScript_Capacitor_LocalNotes/src/index.tsx": {"path":"/Users/christianscheub/Documents/Develope/Capacitor/Repos/LocalNotes/TypeScript_Capacitor_LocalNotes/src/index.tsx","statementMap":{"0":{"start":{"line":6,"column":13},"end":{"line":8,"column":1}},"1":{"start":{"line":9,"column":0},"end":{"line":13,"column":2}}},"fnMap":{},"branchMap":{},"s":{"0":0,"1":0},"f":{},"b":{}}
,"/Users/christianscheub/Documents/Develope/Capacitor/Repos/LocalNotes/TypeScript_Capacitor_LocalNotes/src/custom_components/encryption_modal.tsx": {"path":"/Users/christianscheub/Documents/Develope/Capacitor/Repos/LocalNotes/TypeScript_Capacitor_LocalNotes/src/custom_components/encryption_modal.tsx","statementMap":{"0":{"start":{"line":14,"column":62},"end":{"line":90,"column":1}},"1":{"start":{"line":15,"column":19},"end":{"line":15,"column":49}},"2":{"start":{"line":16,"column":19},"end":{"line":16,"column":32}},"3":{"start":{"line":18,"column":26},"end":{"line":23,"column":3}},"4":{"start":{"line":19,"column":4},"end":{"line":19,"column":27}},"5":{"start":{"line":20,"column":4},"end":{"line":22,"column":5}},"6":{"start":{"line":21,"column":6},"end":{"line":21,"column":39}},"7":{"start":{"line":25,"column":2},"end":{"line":89,"column":4}},"8":{"start":{"line":85,"column":23},"end":{"line":85,"column":47}}},"fnMap":{"0":{"name":"(anonymous_0)","decl":{"start":{"line":14,"column":62},"end":{"line":14,"column":63}},"loc":{"start":{"line":14,"column":80},"end":{"line":90,"column":1}},"line":14},"1":{"name":"(anonymous_1)","decl":{"start":{"line":18,"column":26},"end":{"line":18,"column":27}},"loc":{"start":{"line":18,"column":48},"end":{"line":23,"column":3}},"line":18},"2":{"name":"(anonymous_2)","decl":{"start":{"line":85,"column":17},"end":{"line":85,"column":18}},"loc":{"start":{"line":85,"column":23},"end":{"line":85,"column":47}},"line":85}},"branchMap":{"0":{"loc":{"start":{"line":20,"column":4},"end":{"line":22,"column":5}},"type":"if","locations":[{"start":{"line":20,"column":4},"end":{"line":22,"column":5}},{"start":{},"end":{}}],"line":20}},"s":{"0":3,"1":6,"2":6,"3":6,"4":2,"5":2,"6":2,"7":6,"8":0},"f":{"0":6,"1":2,"2":0},"b":{"0":[2,0]},"_coverageSchema":"1a1c01bbd47fc00a2c39e90264f33305004495a9","hash":"ff47b50603a7955a421308433d506cdd750403c1"}
,"/Users/christianscheub/Documents/Develope/Capacitor/Repos/LocalNotes/TypeScript_Capacitor_LocalNotes/src/custom_components/navBar.tsx": {"path":"/Users/christianscheub/Documents/Develope/Capacitor/Repos/LocalNotes/TypeScript_Capacitor_LocalNotes/src/custom_components/navBar.tsx","statementMap":{"0":{"start":{"line":12,"column":38},"end":{"line":98,"column":1}},"1":{"start":{"line":13,"column":19},"end":{"line":13,"column":32}},"2":{"start":{"line":14,"column":38},"end":{"line":14,"column":50}},"3":{"start":{"line":15,"column":19},"end":{"line":15,"column":32}},"4":{"start":{"line":17,"column":31},"end":{"line":19,"column":3}},"5":{"start":{"line":18,"column":4},"end":{"line":18,"column":29}},"6":{"start":{"line":21,"column":26},"end":{"line":23,"column":3}},"7":{"start":{"line":22,"column":4},"end":{"line":22,"column":17}},"8":{"start":{"line":25,"column":29},"end":{"line":28,"column":3}},"9":{"start":{"line":26,"column":4},"end":{"line":26,"column":34}},"10":{"start":{"line":27,"column":4},"end":{"line":27,"column":35}},"11":{"start":{"line":30,"column":23},"end":{"line":33,"column":3}},"12":{"start":{"line":31,"column":4},"end":{"line":31,"column":23}},"13":{"start":{"line":32,"column":4},"end":{"line":32,"column":31}},"14":{"start":{"line":36,"column":4},"end":{"line":37,"column":39}},"15":{"start":{"line":39,"column":2},"end":{"line":97,"column":4}}},"fnMap":{"0":{"name":"(anonymous_0)","decl":{"start":{"line":12,"column":38},"end":{"line":12,"column":39}},"loc":{"start":{"line":12,"column":62},"end":{"line":98,"column":1}},"line":12},"1":{"name":"(anonymous_1)","decl":{"start":{"line":17,"column":31},"end":{"line":17,"column":32}},"loc":{"start":{"line":17,"column":37},"end":{"line":19,"column":3}},"line":17},"2":{"name":"(anonymous_2)","decl":{"start":{"line":21,"column":26},"end":{"line":21,"column":27}},"loc":{"start":{"line":21,"column":32},"end":{"line":23,"column":3}},"line":21},"3":{"name":"(anonymous_3)","decl":{"start":{"line":25,"column":29},"end":{"line":25,"column":30}},"loc":{"start":{"line":25,"column":73},"end":{"line":28,"column":3}},"line":25},"4":{"name":"(anonymous_4)","decl":{"start":{"line":30,"column":23},"end":{"line":30,"column":24}},"loc":{"start":{"line":30,"column":47},"end":{"line":33,"column":3}},"line":30}},"branchMap":{"0":{"loc":{"start":{"line":36,"column":4},"end":{"line":37,"column":39}},"type":"binary-expr","locations":[{"start":{"line":36,"column":4},"end":{"line":36,"column":46}},{"start":{"line":37,"column":4},"end":{"line":37,"column":39}}],"line":36},"1":{"loc":{"start":{"line":52,"column":9},"end":{"line":86,"column":9}},"type":"cond-expr","locations":[{"start":{"line":53,"column":10},"end":{"line":65,"column":19}},{"start":{"line":67,"column":10},"end":{"line":85,"column":17}}],"line":52}},"s":{"0":3,"1":9,"2":9,"3":9,"4":9,"5":1,"6":9,"7":1,"8":9,"9":2,"10":2,"11":9,"12":1,"13":1,"14":9,"15":9},"f":{"0":9,"1":1,"2":1,"3":2,"4":1},"b":{"0":[9,7],"1":[2,7]},"_coverageSchema":"1a1c01bbd47fc00a2c39e90264f33305004495a9","hash":"6e12d48dc0477644c4348d6dda0b6c60f0e634ab"}
,"/Users/christianscheub/Documents/Develope/Capacitor/Repos/LocalNotes/TypeScript_Capacitor_LocalNotes/src/custom_components/handleNotes/editNote.tsx": {"path":"/Users/christianscheub/Documents/Develope/Capacitor/Repos/LocalNotes/TypeScript_Capacitor_LocalNotes/src/custom_components/handleNotes/editNote.tsx","statementMap":{"0":{"start":{"line":12,"column":42},"end":{"line":100,"column":1}},"1":{"start":{"line":13,"column":17},"end":{"line":13,"column":64}},"2":{"start":{"line":14,"column":40},"end":{"line":14,"column":52}},"3":{"start":{"line":15,"column":19},"end":{"line":15,"column":32}},"4":{"start":{"line":17,"column":19},"end":{"line":25,"column":3}},"5":{"start":{"line":18,"column":26},"end":{"line":18,"column":54}},"6":{"start":{"line":19,"column":4},"end":{"line":23,"column":5}},"7":{"start":{"line":20,"column":6},"end":{"line":22,"column":8}},"8":{"start":{"line":24,"column":4},"end":{"line":24,"column":14}},"9":{"start":{"line":27,"column":2},"end":{"line":31,"column":30}},"10":{"start":{"line":28,"column":4},"end":{"line":30,"column":5}},"11":{"start":{"line":29,"column":6},"end":{"line":29,"column":54}},"12":{"start":{"line":33,"column":21},"end":{"line":40,"column":3}},"13":{"start":{"line":34,"column":29},"end":{"line":37,"column":16}},"14":{"start":{"line":38,"column":4},"end":{"line":38,"column":76}},"15":{"start":{"line":39,"column":4},"end":{"line":39,"column":17}},"16":{"start":{"line":42,"column":23},"end":{"line":50,"column":3}},"17":{"start":{"line":43,"column":4},"end":{"line":49,"column":5}},"18":{"start":{"line":47,"column":6},"end":{"line":47,"column":38}},"19":{"start":{"line":48,"column":6},"end":{"line":48,"column":19}},"20":{"start":{"line":52,"column":2},"end":{"line":99,"column":4}},"21":{"start":{"line":83,"column":29},"end":{"line":83,"column":59}}},"fnMap":{"0":{"name":"(anonymous_0)","decl":{"start":{"line":12,"column":42},"end":{"line":12,"column":43}},"loc":{"start":{"line":12,"column":65},"end":{"line":100,"column":1}},"line":12},"1":{"name":"(anonymous_1)","decl":{"start":{"line":17,"column":19},"end":{"line":17,"column":20}},"loc":{"start":{"line":17,"column":62},"end":{"line":25,"column":3}},"line":17},"2":{"name":"(anonymous_2)","decl":{"start":{"line":27,"column":12},"end":{"line":27,"column":13}},"loc":{"start":{"line":27,"column":18},"end":{"line":31,"column":3}},"line":27},"3":{"name":"(anonymous_3)","decl":{"start":{"line":33,"column":21},"end":{"line":33,"column":22}},"loc":{"start":{"line":33,"column":27},"end":{"line":40,"column":3}},"line":33},"4":{"name":"(anonymous_4)","decl":{"start":{"line":42,"column":23},"end":{"line":42,"column":24}},"loc":{"start":{"line":42,"column":29},"end":{"line":50,"column":3}},"line":42},"5":{"name":"(anonymous_5)","decl":{"start":{"line":83,"column":22},"end":{"line":83,"column":23}},"loc":{"start":{"line":83,"column":29},"end":{"line":83,"column":59}},"line":83}},"branchMap":{"0":{"loc":{"start":{"line":13,"column":17},"end":{"line":13,"column":64}},"type":"binary-expr","locations":[{"start":{"line":13,"column":17},"end":{"line":13,"column":56}},{"start":{"line":13,"column":60},"end":{"line":13,"column":64}}],"line":13},"1":{"loc":{"start":{"line":19,"column":4},"end":{"line":23,"column":5}},"type":"if","locations":[{"start":{"line":19,"column":4},"end":{"line":23,"column":5}},{"start":{},"end":{}}],"line":19},"2":{"loc":{"start":{"line":28,"column":4},"end":{"line":30,"column":5}},"type":"if","locations":[{"start":{"line":28,"column":4},"end":{"line":30,"column":5}},{"start":{},"end":{}}],"line":28},"3":{"loc":{"start":{"line":38,"column":25},"end":{"line":38,"column":56}},"type":"binary-expr","locations":[{"start":{"line":38,"column":25},"end":{"line":38,"column":31}},{"start":{"line":38,"column":35},"end":{"line":38,"column":56}}],"line":38},"4":{"loc":{"start":{"line":43,"column":4},"end":{"line":49,"column":5}},"type":"if","locations":[{"start":{"line":43,"column":4},"end":{"line":49,"column":5}},{"start":{},"end":{}}],"line":43},"5":{"loc":{"start":{"line":44,"column":6},"end":{"line":45,"column":78}},"type":"binary-expr","locations":[{"start":{"line":44,"column":6},"end":{"line":44,"column":12}},{"start":{"line":45,"column":6},"end":{"line":45,"column":78}}],"line":44}},"s":{"0":3,"1":16,"2":16,"3":16,"4":16,"5":7,"6":7,"7":6,"8":1,"9":16,"10":9,"11":7,"12":16,"13":3,"14":3,"15":3,"16":16,"17":2,"18":1,"19":1,"20":16,"21":1},"f":{"0":16,"1":7,"2":9,"3":3,"4":2,"5":1},"b":{"0":[16,2],"1":[6,1],"2":[7,2],"3":[3,1],"4":[1,1],"5":[2,2]},"_coverageSchema":"1a1c01bbd47fc00a2c39e90264f33305004495a9","hash":"d0c084ab7968922f141f9779d3e6de4364aca194"}
,"/Users/christianscheub/Documents/Develope/Capacitor/Repos/LocalNotes/TypeScript_Capacitor_LocalNotes/src/custom_components/handleNotes/getNotes.ts": {"path":"/Users/christianscheub/Documents/Develope/Capacitor/Repos/LocalNotes/TypeScript_Capacitor_LocalNotes/src/custom_components/handleNotes/getNotes.ts","statementMap":{"0":{"start":{"line":9,"column":17},"end":{"line":36,"column":1}},"1":{"start":{"line":10,"column":28},"end":{"line":10,"column":48}},"2":{"start":{"line":12,"column":2},"end":{"line":33,"column":35}},"3":{"start":{"line":13,"column":32},"end":{"line":13,"column":34}},"4":{"start":{"line":14,"column":4},"end":{"line":27,"column":5}},"5":{"start":{"line":14,"column":17},"end":{"line":14,"column":18}},"6":{"start":{"line":15,"column":18},"end":{"line":15,"column":37}},"7":{"start":{"line":16,"column":6},"end":{"line":26,"column":7}},"8":{"start":{"line":17,"column":30},"end":{"line":17,"column":55}},"9":{"start":{"line":18,"column":8},"end":{"line":25,"column":9}},"10":{"start":{"line":19,"column":10},"end":{"line":24,"column":11}},"11":{"start":{"line":20,"column":26},"end":{"line":20,"column":76}},"12":{"start":{"line":21,"column":33},"end":{"line":21,"column":66}},"13":{"start":{"line":22,"column":12},"end":{"line":22,"column":65}},"14":{"start":{"line":28,"column":26},"end":{"line":30,"column":5}},"15":{"start":{"line":29,"column":6},"end":{"line":29,"column":68}},"16":{"start":{"line":32,"column":4},"end":{"line":32,"column":28}},"17":{"start":{"line":35,"column":2},"end":{"line":35,"column":15}}},"fnMap":{"0":{"name":"(anonymous_0)","decl":{"start":{"line":9,"column":17},"end":{"line":9,"column":18}},"loc":{"start":{"line":9,"column":73},"end":{"line":36,"column":1}},"line":9},"1":{"name":"(anonymous_1)","decl":{"start":{"line":12,"column":12},"end":{"line":12,"column":13}},"loc":{"start":{"line":12,"column":18},"end":{"line":33,"column":3}},"line":12},"2":{"name":"(anonymous_2)","decl":{"start":{"line":28,"column":45},"end":{"line":28,"column":46}},"loc":{"start":{"line":29,"column":6},"end":{"line":29,"column":68}},"line":29}},"branchMap":{"0":{"loc":{"start":{"line":16,"column":6},"end":{"line":26,"column":7}},"type":"if","locations":[{"start":{"line":16,"column":6},"end":{"line":26,"column":7}},{"start":{},"end":{}}],"line":16},"1":{"loc":{"start":{"line":18,"column":8},"end":{"line":25,"column":9}},"type":"if","locations":[{"start":{"line":18,"column":8},"end":{"line":25,"column":9}},{"start":{},"end":{}}],"line":18}},"s":{"0":4,"1":18,"2":18,"3":8,"4":8,"5":8,"6":10,"7":10,"8":9,"9":9,"10":8,"11":8,"12":8,"13":8,"14":8,"15":8,"16":8,"17":18},"f":{"0":18,"1":8,"2":8},"b":{"0":[9,1],"1":[8,1]},"_coverageSchema":"1a1c01bbd47fc00a2c39e90264f33305004495a9","hash":"18c2cfa71b428be694da1f66057408a3aea9d090"}
,"/Users/christianscheub/Documents/Develope/Capacitor/Repos/LocalNotes/TypeScript_Capacitor_LocalNotes/src/custom_components/handleNotes/viewNote.tsx": {"path":"/Users/christianscheub/Documents/Develope/Capacitor/Repos/LocalNotes/TypeScript_Capacitor_LocalNotes/src/custom_components/handleNotes/viewNote.tsx","statementMap":{"0":{"start":{"line":14,"column":42},"end":{"line":78,"column":1}},"1":{"start":{"line":15,"column":16},"end":{"line":15,"column":52}},"2":{"start":{"line":16,"column":19},"end":{"line":16,"column":32}},"3":{"start":{"line":18,"column":23},"end":{"line":21,"column":3}},"4":{"start":{"line":19,"column":4},"end":{"line":19,"column":46}},"5":{"start":{"line":19,"column":34},"end":{"line":19,"column":46}},"6":{"start":{"line":20,"column":4},"end":{"line":20,"column":45}},"7":{"start":{"line":23,"column":2},"end":{"line":77,"column":4}},"8":{"start":{"line":36,"column":12},"end":{"line":51,"column":18}},"9":{"start":{"line":45,"column":31},"end":{"line":45,"column":59}},"10":{"start":{"line":74,"column":23},"end":{"line":74,"column":44}}},"fnMap":{"0":{"name":"(anonymous_0)","decl":{"start":{"line":14,"column":42},"end":{"line":14,"column":43}},"loc":{"start":{"line":14,"column":78},"end":{"line":78,"column":1}},"line":14},"1":{"name":"(anonymous_1)","decl":{"start":{"line":18,"column":23},"end":{"line":18,"column":24}},"loc":{"start":{"line":18,"column":68},"end":{"line":21,"column":3}},"line":18},"2":{"name":"(anonymous_2)","decl":{"start":{"line":35,"column":21},"end":{"line":35,"column":22}},"loc":{"start":{"line":36,"column":12},"end":{"line":51,"column":18}},"line":36},"3":{"name":"(anonymous_3)","decl":{"start":{"line":45,"column":25},"end":{"line":45,"column":26}},"loc":{"start":{"line":45,"column":31},"end":{"line":45,"column":59}},"line":45},"4":{"name":"(anonymous_4)","decl":{"start":{"line":74,"column":17},"end":{"line":74,"column":18}},"loc":{"start":{"line":74,"column":23},"end":{"line":74,"column":44}},"line":74}},"branchMap":{"0":{"loc":{"start":{"line":19,"column":4},"end":{"line":19,"column":46}},"type":"if","locations":[{"start":{"line":19,"column":4},"end":{"line":19,"column":46}},{"start":{},"end":{}}],"line":19},"1":{"loc":{"start":{"line":25,"column":7},"end":{"line":69,"column":7}},"type":"cond-expr","locations":[{"start":{"line":26,"column":8},"end":{"line":53,"column":14}},{"start":{"line":55,"column":8},"end":{"line":68,"column":15}}],"line":25}},"s":{"0":3,"1":8,"2":8,"3":8,"4":13,"5":8,"6":5,"7":8,"8":10,"9":1,"10":1},"f":{"0":8,"1":13,"2":10,"3":1,"4":1},"b":{"0":[8,5],"1":[5,3]},"_coverageSchema":"1a1c01bbd47fc00a2c39e90264f33305004495a9","hash":"2bf3401c71cad212a5a43a89d0becb98131e15c3"}
,"/Users/christianscheub/Documents/Develope/Capacitor/Repos/LocalNotes/TypeScript_Capacitor_LocalNotes/src/modules/app_configuration/app_texts.ts": {"path":"/Users/christianscheub/Documents/Develope/Capacitor/Repos/LocalNotes/TypeScript_Capacitor_LocalNotes/src/modules/app_configuration/app_texts.ts","statementMap":{"0":{"start":{"line":1,"column":27},"end":{"line":1,"column":74}},"1":{"start":{"line":1,"column":107},"end":{"line":1,"column":10996}},"2":{"start":{"line":1,"column":11027},"end":{"line":1,"column":12067}}},"fnMap":{},"branchMap":{},"s":{"0":2,"1":2,"2":2},"f":{},"b":{},"_coverageSchema":"1a1c01bbd47fc00a2c39e90264f33305004495a9","hash":"f060d73d7f97cedf97a0a0517db348ab862477db"}
,"/Users/christianscheub/Documents/Develope/Capacitor/Repos/LocalNotes/TypeScript_Capacitor_LocalNotes/src/modules/legal/codeToTextParser.tsx": {"path":"/Users/christianscheub/Documents/Develope/Capacitor/Repos/LocalNotes/TypeScript_Capacitor_LocalNotes/src/modules/legal/codeToTextParser.tsx","statementMap":{"0":{"start":{"line":7,"column":61},"end":{"line":40,"column":1}},"1":{"start":{"line":8,"column":31},"end":{"line":37,"column":3}},"2":{"start":{"line":9,"column":22},"end":{"line":9,"column":48}},"3":{"start":{"line":10,"column":18},"end":{"line":10,"column":38}},"4":{"start":{"line":11,"column":19},"end":{"line":35,"column":6}},"5":{"start":{"line":12,"column":25},"end":{"line":12,"column":26}},"6":{"start":{"line":13,"column":23},"end":{"line":13,"column":25}},"7":{"start":{"line":14,"column":18},"end":{"line":14,"column":38}},"8":{"start":{"line":15,"column":6},"end":{"line":24,"column":7}},"9":{"start":{"line":16,"column":23},"end":{"line":16,"column":60}},"10":{"start":{"line":17,"column":8},"end":{"line":19,"column":9}},"11":{"start":{"line":18,"column":10},"end":{"line":18,"column":32}},"12":{"start":{"line":20,"column":21},"end":{"line":20,"column":29}},"13":{"start":{"line":21,"column":8},"end":{"line":21,"column":59}},"14":{"start":{"line":22,"column":8},"end":{"line":22,"column":53}},"15":{"start":{"line":23,"column":8},"end":{"line":23,"column":37}},"16":{"start":{"line":25,"column":24},"end":{"line":25,"column":48}},"17":{"start":{"line":26,"column":6},"end":{"line":28,"column":7}},"18":{"start":{"line":27,"column":8},"end":{"line":27,"column":33}},"19":{"start":{"line":29,"column":6},"end":{"line":34,"column":8}},"20":{"start":{"line":36,"column":4},"end":{"line":36,"column":18}},"21":{"start":{"line":39,"column":2},"end":{"line":39,"column":43}}},"fnMap":{"0":{"name":"(anonymous_0)","decl":{"start":{"line":7,"column":61},"end":{"line":7,"column":62}},"loc":{"start":{"line":7,"column":75},"end":{"line":40,"column":1}},"line":7},"1":{"name":"(anonymous_1)","decl":{"start":{"line":8,"column":31},"end":{"line":8,"column":32}},"loc":{"start":{"line":8,"column":49},"end":{"line":37,"column":3}},"line":8},"2":{"name":"(anonymous_2)","decl":{"start":{"line":11,"column":29},"end":{"line":11,"column":30}},"loc":{"start":{"line":11,"column":46},"end":{"line":35,"column":5}},"line":11}},"branchMap":{"0":{"loc":{"start":{"line":17,"column":8},"end":{"line":19,"column":9}},"type":"if","locations":[{"start":{"line":17,"column":8},"end":{"line":19,"column":9}},{"start":{},"end":{}}],"line":17},"1":{"loc":{"start":{"line":26,"column":6},"end":{"line":28,"column":7}},"type":"if","locations":[{"start":{"line":26,"column":6},"end":{"line":28,"column":7}},{"start":{},"end":{}}],"line":26},"2":{"loc":{"start":{"line":32,"column":11},"end":{"line":32,"column":45}},"type":"binary-expr","locations":[{"start":{"line":32,"column":11},"end":{"line":32,"column":35}},{"start":{"line":32,"column":39},"end":{"line":32,"column":45}}],"line":32}},"s":{"0":5,"1":13,"2":13,"3":13,"4":13,"5":14,"6":14,"7":14,"8":14,"9":6,"10":6,"11":5,"12":6,"13":6,"14":6,"15":6,"16":14,"17":14,"18":12,"19":14,"20":13,"21":13},"f":{"0":13,"1":13,"2":14},"b":{"0":[5,1],"1":[12,2],"2":[14,1]},"_coverageSchema":"1a1c01bbd47fc00a2c39e90264f33305004495a9","hash":"759a72eff09fe9ddbdcc4a4e5920aca99161a1b9"}
,"/Users/christianscheub/Documents/Develope/Capacitor/Repos/LocalNotes/TypeScript_Capacitor_LocalNotes/src/modules/legal/cookieConsentBanner.tsx": {"path":"/Users/christianscheub/Documents/Develope/Capacitor/Repos/LocalNotes/TypeScript_Capacitor_LocalNotes/src/modules/legal/cookieConsentBanner.tsx","statementMap":{"0":{"start":{"line":5,"column":38},"end":{"line":231,"column":1}},"1":{"start":{"line":6,"column":50},"end":{"line":6,"column":74}},"2":{"start":{"line":7,"column":46},"end":{"line":7,"column":69}},"3":{"start":{"line":9,"column":4},"end":{"line":9,"column":28}},"4":{"start":{"line":11,"column":4},"end":{"line":11,"column":28}},"5":{"start":{"line":12,"column":48},"end":{"line":12,"column":71}},"6":{"start":{"line":13,"column":34},"end":{"line":13,"column":58}},"7":{"start":{"line":15,"column":2},"end":{"line":25,"column":9}},"8":{"start":{"line":16,"column":28},"end":{"line":16,"column":60}},"9":{"start":{"line":17,"column":4},"end":{"line":17,"column":50}},"10":{"start":{"line":18,"column":28},"end":{"line":18,"column":52}},"11":{"start":{"line":19,"column":4},"end":{"line":24,"column":5}},"12":{"start":{"line":23,"column":6},"end":{"line":23,"column":32}},"13":{"start":{"line":27,"column":19},"end":{"line":32,"column":3}},"14":{"start":{"line":28,"column":4},"end":{"line":28,"column":30}},"15":{"start":{"line":29,"column":4},"end":{"line":29,"column":29}},"16":{"start":{"line":30,"column":4},"end":{"line":30,"column":60}},"17":{"start":{"line":31,"column":4},"end":{"line":31,"column":60}},"18":{"start":{"line":34,"column":23},"end":{"line":40,"column":3}},"19":{"start":{"line":35,"column":4},"end":{"line":35,"column":48}},"20":{"start":{"line":36,"column":4},"end":{"line":36,"column":55}},"21":{"start":{"line":37,"column":4},"end":{"line":37,"column":55}},"22":{"start":{"line":38,"column":4},"end":{"line":38,"column":29}},"23":{"start":{"line":39,"column":4},"end":{"line":39,"column":30}},"24":{"start":{"line":42,"column":25},"end":{"line":61,"column":3}},"25":{"start":{"line":43,"column":4},"end":{"line":43,"column":29}},"26":{"start":{"line":44,"column":4},"end":{"line":54,"column":5}},"27":{"start":{"line":45,"column":6},"end":{"line":48,"column":8}},"28":{"start":{"line":49,"column":11},"end":{"line":54,"column":5}},"29":{"start":{"line":50,"column":6},"end":{"line":53,"column":8}},"30":{"start":{"line":55,"column":4},"end":{"line":60,"column":5}},"31":{"start":{"line":56,"column":6},"end":{"line":56,"column":32}},"32":{"start":{"line":58,"column":6},"end":{"line":58,"column":32}},"33":{"start":{"line":59,"column":6},"end":{"line":59,"column":21}},"34":{"start":{"line":63,"column":30},"end":{"line":65,"column":3}},"35":{"start":{"line":64,"column":4},"end":{"line":64,"column":29}},"36":{"start":{"line":67,"column":2},"end":{"line":69,"column":3}},"37":{"start":{"line":68,"column":4},"end":{"line":68,"column":16}},"38":{"start":{"line":71,"column":2},"end":{"line":230,"column":4}},"39":{"start":{"line":198,"column":24},"end":{"line":198,"column":77}},"40":{"start":{"line":198,"column":66},"end":{"line":198,"column":76}},"41":{"start":{"line":208,"column":24},"end":{"line":208,"column":77}},"42":{"start":{"line":208,"column":66},"end":{"line":208,"column":76}},"43":{"start":{"line":217,"column":33},"end":{"line":217,"column":56}}},"fnMap":{"0":{"name":"(anonymous_0)","decl":{"start":{"line":5,"column":38},"end":{"line":5,"column":39}},"loc":{"start":{"line":5,"column":44},"end":{"line":231,"column":1}},"line":5},"1":{"name":"(anonymous_1)","decl":{"start":{"line":15,"column":12},"end":{"line":15,"column":13}},"loc":{"start":{"line":15,"column":18},"end":{"line":25,"column":3}},"line":15},"2":{"name":"(anonymous_2)","decl":{"start":{"line":27,"column":19},"end":{"line":27,"column":20}},"loc":{"start":{"line":27,"column":25},"end":{"line":32,"column":3}},"line":27},"3":{"name":"(anonymous_3)","decl":{"start":{"line":34,"column":23},"end":{"line":34,"column":24}},"loc":{"start":{"line":34,"column":29},"end":{"line":40,"column":3}},"line":34},"4":{"name":"(anonymous_4)","decl":{"start":{"line":42,"column":25},"end":{"line":42,"column":26}},"loc":{"start":{"line":42,"column":31},"end":{"line":61,"column":3}},"line":42},"5":{"name":"(anonymous_5)","decl":{"start":{"line":63,"column":30},"end":{"line":63,"column":31}},"loc":{"start":{"line":63,"column":36},"end":{"line":65,"column":3}},"line":63},"6":{"name":"(anonymous_6)","decl":{"start":{"line":197,"column":32},"end":{"line":197,"column":33}},"loc":{"start":{"line":198,"column":24},"end":{"line":198,"column":77}},"line":198},"7":{"name":"(anonymous_7)","decl":{"start":{"line":198,"column":51},"end":{"line":198,"column":52}},"loc":{"start":{"line":198,"column":66},"end":{"line":198,"column":76}},"line":198},"8":{"name":"(anonymous_8)","decl":{"start":{"line":207,"column":32},"end":{"line":207,"column":33}},"loc":{"start":{"line":208,"column":24},"end":{"line":208,"column":77}},"line":208},"9":{"name":"(anonymous_9)","decl":{"start":{"line":208,"column":51},"end":{"line":208,"column":52}},"loc":{"start":{"line":208,"column":66},"end":{"line":208,"column":76}},"line":208},"10":{"name":"(anonymous_10)","decl":{"start":{"line":217,"column":27},"end":{"line":217,"column":28}},"loc":{"start":{"line":217,"column":33},"end":{"line":217,"column":56}},"line":217}},"branchMap":{"0":{"loc":{"start":{"line":19,"column":4},"end":{"line":24,"column":5}},"type":"if","locations":[{"start":{"line":19,"column":4},"end":{"line":24,"column":5}},{"start":{},"end":{}}],"line":19},"1":{"loc":{"start":{"line":20,"column":6},"end":{"line":21,"column":46}},"type":"binary-expr","locations":[{"start":{"line":20,"column":6},"end":{"line":20,"column":44}},{"start":{"line":21,"column":6},"end":{"line":21,"column":46}}],"line":20},"2":{"loc":{"start":{"line":44,"column":4},"end":{"line":54,"column":5}},"type":"if","locations":[{"start":{"line":44,"column":4},"end":{"line":54,"column":5}},{"start":{"line":49,"column":11},"end":{"line":54,"column":5}}],"line":44},"3":{"loc":{"start":{"line":49,"column":11},"end":{"line":54,"column":5}},"type":"if","locations":[{"start":{"line":49,"column":11},"end":{"line":54,"column":5}},{"start":{},"end":{}}],"line":49},"4":{"loc":{"start":{"line":55,"column":4},"end":{"line":60,"column":5}},"type":"if","locations":[{"start":{"line":55,"column":4},"end":{"line":60,"column":5}},{"start":{"line":57,"column":11},"end":{"line":60,"column":5}}],"line":55},"5":{"loc":{"start":{"line":55,"column":8},"end":{"line":55,"column":58}},"type":"binary-expr","locations":[{"start":{"line":55,"column":8},"end":{"line":55,"column":31}},{"start":{"line":55,"column":35},"end":{"line":55,"column":58}}],"line":55},"6":{"loc":{"start":{"line":67,"column":2},"end":{"line":69,"column":3}},"type":"if","locations":[{"start":{"line":67,"column":2},"end":{"line":69,"column":3}},{"start":{},"end":{}}],"line":67},"7":{"loc":{"start":{"line":73,"column":7},"end":{"line":228,"column":7}},"type":"binary-expr","locations":[{"start":{"line":73,"column":7},"end":{"line":73,"column":22}},{"start":{"line":74,"column":8},"end":{"line":227,"column":14}}],"line":73},"8":{"loc":{"start":{"line":75,"column":11},"end":{"line":164,"column":11}},"type":"binary-expr","locations":[{"start":{"line":75,"column":11},"end":{"line":75,"column":25}},{"start":{"line":76,"column":12},"end":{"line":163,"column":20}}],"line":75},"9":{"loc":{"start":{"line":83,"column":21},"end":{"line":132,"column":21}},"type":"cond-expr","locations":[{"start":{"line":84,"column":22},"end":{"line":108,"column":25}},{"start":{"line":110,"column":22},"end":{"line":131,"column":25}}],"line":83},"10":{"loc":{"start":{"line":141,"column":23},"end":{"line":141,"column":67}},"type":"cond-expr","locations":[{"start":{"line":141,"column":34},"end":{"line":141,"column":52}},{"start":{"line":141,"column":55},"end":{"line":141,"column":67}}],"line":141},"11":{"loc":{"start":{"line":149,"column":23},"end":{"line":149,"column":65}},"type":"cond-expr","locations":[{"start":{"line":149,"column":34},"end":{"line":149,"column":49}},{"start":{"line":149,"column":52},"end":{"line":149,"column":65}}],"line":149},"12":{"loc":{"start":{"line":156,"column":23},"end":{"line":158,"column":46}},"type":"cond-expr","locations":[{"start":{"line":157,"column":26},"end":{"line":157,"column":50}},{"start":{"line":158,"column":26},"end":{"line":158,"column":46}}],"line":156},"13":{"loc":{"start":{"line":165,"column":11},"end":{"line":226,"column":11}},"type":"binary-expr","locations":[{"start":{"line":165,"column":11},"end":{"line":165,"column":26}},{"start":{"line":166,"column":12},"end":{"line":225,"column":20}}],"line":165},"14":{"loc":{"start":{"line":172,"column":19},"end":{"line":185,"column":19}},"type":"cond-expr","locations":[{"start":{"line":173,"column":20},"end":{"line":178,"column":23}},{"start":{"line":180,"column":20},"end":{"line":184,"column":23}}],"line":172},"15":{"loc":{"start":{"line":192,"column":24},"end":{"line":194,"column":60}},"type":"cond-expr","locations":[{"start":{"line":193,"column":28},"end":{"line":193,"column":65}},{"start":{"line":194,"column":28},"end":{"line":194,"column":60}}],"line":192},"16":{"loc":{"start":{"line":205,"column":29},"end":{"line":205,"column":78}},"type":"cond-expr","locations":[{"start":{"line":205,"column":40},"end":{"line":205,"column":60}},{"start":{"line":205,"column":63},"end":{"line":205,"column":78}}],"line":205},"17":{"loc":{"start":{"line":219,"column":19},"end":{"line":219,"column":52}},"type":"cond-expr","locations":[{"start":{"line":219,"column":30},"end":{"line":219,"column":41}},{"start":{"line":219,"column":44},"end":{"line":219,"column":52}}],"line":219},"18":{"loc":{"start":{"line":222,"column":19},"end":{"line":222,"column":50}},"type":"cond-expr","locations":[{"start":{"line":222,"column":30},"end":{"line":222,"column":41}},{"start":{"line":222,"column":44},"end":{"line":222,"column":50}}],"line":222}},"s":{"0":1,"1":14,"2":14,"3":14,"4":14,"5":14,"6":14,"7":14,"8":5,"9":5,"10":5,"11":5,"12":0,"13":14,"14":1,"15":1,"16":1,"17":1,"18":14,"19":2,"20":2,"21":2,"22":2,"23":2,"24":14,"25":1,"26":1,"27":0,"28":1,"29":0,"30":1,"31":0,"32":1,"33":1,"34":14,"35":2,"36":14,"37":5,"38":9,"39":0,"40":0,"41":0,"42":0,"43":0},"f":{"0":14,"1":5,"2":1,"3":2,"4":1,"5":2,"6":0,"7":0,"8":0,"9":0,"10":0},"b":{"0":[0,5],"1":[5,5],"2":[0,1],"3":[0,1],"4":[0,1],"5":[1,1],"6":[5,9],"7":[9,9],"8":[9,5],"9":[0,5],"10":[0,5],"11":[0,5],"12":[0,5],"13":[9,4],"14":[0,4],"15":[0,4],"16":[0,4],"17":[0,4],"18":[0,4]},"_coverageSchema":"1a1c01bbd47fc00a2c39e90264f33305004495a9","hash":"c4972e781dd0ea9dd35248b79b471dddc90e03ac"}
,"/Users/christianscheub/Documents/Develope/Capacitor/Repos/LocalNotes/TypeScript_Capacitor_LocalNotes/src/modules/legal/datenschutz.tsx": {"path":"/Users/christianscheub/Documents/Develope/Capacitor/Repos/LocalNotes/TypeScript_Capacitor_LocalNotes/src/modules/legal/datenschutz.tsx","statementMap":{"0":{"start":{"line":8,"column":30},"end":{"line":30,"column":1}},"1":{"start":{"line":9,"column":19},"end":{"line":9,"column":32}},"2":{"start":{"line":11,"column":2},"end":{"line":29,"column":4}},"3":{"start":{"line":18,"column":29},"end":{"line":18,"column":41}}},"fnMap":{"0":{"name":"(anonymous_0)","decl":{"start":{"line":8,"column":30},"end":{"line":8,"column":31}},"loc":{"start":{"line":8,"column":36},"end":{"line":30,"column":1}},"line":8},"1":{"name":"(anonymous_1)","decl":{"start":{"line":18,"column":23},"end":{"line":18,"column":24}},"loc":{"start":{"line":18,"column":29},"end":{"line":18,"column":41}},"line":18}},"branchMap":{},"s":{"0":3,"1":3,"2":3,"3":1},"f":{"0":3,"1":1},"b":{},"_coverageSchema":"1a1c01bbd47fc00a2c39e90264f33305004495a9","hash":"c348d1adfd0d8754089d705b40cfa395c3523b0d"}
,"/Users/christianscheub/Documents/Develope/Capacitor/Repos/LocalNotes/TypeScript_Capacitor_LocalNotes/src/modules/legal/impressum.tsx": {"path":"/Users/christianscheub/Documents/Develope/Capacitor/Repos/LocalNotes/TypeScript_Capacitor_LocalNotes/src/modules/legal/impressum.tsx","statementMap":{"0":{"start":{"line":9,"column":28},"end":{"line":27,"column":1}},"1":{"start":{"line":10,"column":19},"end":{"line":10,"column":32}},"2":{"start":{"line":12,"column":2},"end":{"line":26,"column":4}},"3":{"start":{"line":17,"column":70},"end":{"line":17,"column":82}}},"fnMap":{"0":{"name":"(anonymous_0)","decl":{"start":{"line":9,"column":28},"end":{"line":9,"column":29}},"loc":{"start":{"line":9,"column":34},"end":{"line":27,"column":1}},"line":9},"1":{"name":"(anonymous_1)","decl":{"start":{"line":17,"column":64},"end":{"line":17,"column":65}},"loc":{"start":{"line":17,"column":70},"end":{"line":17,"column":82}},"line":17}},"branchMap":{},"s":{"0":1,"1":3,"2":3,"3":1},"f":{"0":3,"1":1},"b":{},"_coverageSchema":"1a1c01bbd47fc00a2c39e90264f33305004495a9","hash":"33099cba275e062e5195166297befc47269867ad"}
,"/Users/christianscheub/Documents/Develope/Capacitor/Repos/LocalNotes/TypeScript_Capacitor_LocalNotes/src/modules/ui/floatingBtn.tsx": {"path":"/Users/christianscheub/Documents/Develope/Capacitor/Repos/LocalNotes/TypeScript_Capacitor_LocalNotes/src/modules/ui/floatingBtn.tsx","statementMap":{"0":{"start":{"line":11,"column":48},"end":{"line":44,"column":1}},"1":{"start":{"line":13,"column":39},"end":{"line":25,"column":3}},"2":{"start":{"line":27,"column":2},"end":{"line":43,"column":4}}},"fnMap":{"0":{"name":"(anonymous_0)","decl":{"start":{"line":11,"column":48},"end":{"line":11,"column":49}},"loc":{"start":{"line":11,"column":81},"end":{"line":44,"column":1}},"line":11}},"branchMap":{"0":{"loc":{"start":{"line":13,"column":39},"end":{"line":25,"column":3}},"type":"cond-expr","locations":[{"start":{"line":13,"column":50},"end":{"line":19,"column":3}},{"start":{"line":19,"column":6},"end":{"line":25,"column":3}}],"line":13}},"s":{"0":6,"1":33,"2":33},"f":{"0":33},"b":{"0":[16,17]},"_coverageSchema":"1a1c01bbd47fc00a2c39e90264f33305004495a9","hash":"089aea553943ec8fa4c62b3a80057e16db4f5885"}
}
