TN:
SF:src/App.tsx
FN:13,(anonymous_0)
FNF:1
FNH:1
FNDA:6,(anonymous_0)
DA:13,2
DA:14,6
DA:15,6
DA:17,6
LF:4
LH:4
BRDA:19,0,0,5
BRDA:19,0,1,1
BRF:2
BRH:2
end_of_record
TN:
SF:src/i18n.ts
FNF:0
FNH:0
DA:21,18
DA:54,18
LF:2
LH:2
BRF:0
BRH:0
end_of_record
TN:
SF:src/index.tsx
FNF:0
FNH:0
DA:6,1
DA:9,1
LF:2
LH:2
BRF:0
BRH:0
end_of_record
TN:
SF:src/custom_components/handleNotes/encryptionEngine.ts
FN:4,(anonymous_0)
FN:19,(anonymous_1)
FN:33,(anonymous_2)
FN:57,(anonymous_3)
FN:83,(anonymous_4)
FN:88,(anonymous_5)
FN:104,(anonymous_6)
FNF:7
FNH:6
FNDA:36,(anonymous_0)
FNDA:0,(anonymous_1)
FNDA:20,(anonymous_2)
FNDA:24,(anonymous_3)
FNDA:48,(anonymous_4)
FNDA:3,(anonymous_5)
FNDA:1,(anonymous_6)
DA:4,5
DA:8,36
DA:9,36
DA:11,36
DA:16,36
DA:19,5
DA:23,0
DA:24,0
DA:25,0
DA:30,0
DA:33,5
DA:38,20
DA:39,20
DA:40,20
DA:42,20
DA:48,20
DA:49,20
DA:54,20
DA:57,5
DA:61,24
DA:63,24
DA:64,2
DA:67,22
DA:72,21
DA:73,21
DA:74,16
DA:80,16
DA:83,5
DA:84,48
DA:85,48
DA:88,5
DA:91,3
DA:92,3
DA:93,3
DA:98,3
DA:104,5
DA:107,1
DA:108,1
DA:109,1
DA:114,1
LF:40
LH:36
BRDA:63,0,0,2
BRDA:63,0,1,22
BRF:2
BRH:2
end_of_record
TN:
SF:src/custom_components/handleNotes/editNote/container-editNote.tsx
FN:10,(anonymous_0)
FN:18,(anonymous_1)
FN:19,(anonymous_2)
FN:37,(anonymous_3)
FNF:4
FNH:4
FNDA:14,(anonymous_0)
FNDA:5,(anonymous_1)
FNDA:5,(anonymous_2)
FNDA:2,(anonymous_3)
DA:10,3
DA:11,14
DA:12,14
DA:14,14
DA:15,14
DA:16,14
DA:18,14
DA:19,5
DA:20,5
DA:21,5
DA:22,5
DA:23,5
DA:24,3
DA:25,3
DA:26,3
DA:33,5
DA:37,14
DA:38,2
DA:43,2
DA:44,2
DA:45,2
DA:48,14
LF:22
LH:22
BRDA:20,0,0,5
BRDA:20,0,1,0
BRDA:44,1,0,2
BRDA:44,1,1,0
BRF:4
BRH:2
end_of_record
TN:
SF:src/custom_components/handleNotes/editNote/screen-editNote.tsx
FN:16,(anonymous_0)
FN:45,(anonymous_1)
FN:89,(anonymous_2)
FNF:3
FNH:3
FNDA:14,(anonymous_0)
FNDA:3,(anonymous_1)
FNDA:3,(anonymous_2)
DA:16,3
DA:24,14
DA:27,14
DA:29,14
DA:45,3
DA:89,3
LF:6
LH:6
BRF:0
BRH:0
end_of_record
TN:
SF:src/custom_components/handleNotes/viewNote/container-viewNote.tsx
FN:13,(anonymous_0)
FN:19,(anonymous_1)
FN:23,(anonymous_2)
FNF:3
FNH:3
FNDA:12,(anonymous_0)
FNDA:1,(anonymous_1)
FNDA:1,(anonymous_2)
DA:13,3
DA:14,12
DA:15,12
DA:17,12
DA:19,12
DA:20,1
DA:23,12
DA:24,1
DA:27,12
LF:9
LH:9
BRF:0
BRH:0
end_of_record
TN:
SF:src/custom_components/handleNotes/viewNote/getNotes.ts
FN:13,(anonymous_0)
FN:23,(anonymous_1)
FN:26,(anonymous_2)
FN:27,(anonymous_3)
FN:49,(anonymous_4)
FN:52,(anonymous_5)
FNF:6
FNH:6
FNDA:10,(anonymous_0)
FNDA:12,(anonymous_1)
FNDA:6,(anonymous_2)
FNDA:6,(anonymous_3)
FNDA:10,(anonymous_4)
FNDA:5,(anonymous_5)
DA:13,3
DA:14,10
DA:15,10
DA:17,10
DA:19,0
DA:23,3
DA:24,12
DA:26,12
DA:27,6
DA:28,6
DA:29,6
DA:30,16
DA:31,16
DA:32,16
DA:33,16
DA:34,10
DA:35,10
DA:36,10
DA:49,6
DA:50,10
DA:52,6
DA:54,6
DA:56,6
DA:59,12
LF:24
LH:23
BRDA:17,0,0,10
BRDA:17,0,1,10
BRDA:31,1,0,16
BRDA:31,1,1,0
BRDA:34,2,0,10
BRDA:34,2,1,0
BRDA:34,3,0,10
BRDA:34,3,1,10
BRF:8
BRH:6
end_of_record
TN:
SF:src/custom_components/handleNotes/viewNote/screen-viewNote.tsx
FN:21,(anonymous_0)
FN:26,(anonymous_1)
FN:40,(anonymous_2)
FN:50,(anonymous_3)
FNF:4
FNH:4
FNDA:12,(anonymous_0)
FNDA:33,(anonymous_1)
FNDA:14,(anonymous_2)
FNDA:1,(anonymous_3)
DA:21,3
DA:26,12
DA:27,33
DA:28,0
DA:30,12
DA:32,12
DA:41,14
DA:50,1
LF:8
LH:7
BRDA:27,0,0,33
BRDA:27,0,1,0
BRDA:38,1,0,7
BRDA:38,1,1,5
BRF:4
BRH:3
end_of_record
TN:
SF:src/custom_components/notNotesRelated/fingerprintLogic.ts
FN:6,(anonymous_0)
FN:11,(anonymous_1)
FN:31,(anonymous_2)
FN:32,(anonymous_3)
FN:64,(anonymous_4)
FN:98,(anonymous_5)
FNF:6
FNH:6
FNDA:2,(anonymous_0)
FNDA:5,(anonymous_1)
FNDA:2,(anonymous_2)
FNDA:1,(anonymous_3)
FNDA:4,(anonymous_4)
FNDA:5,(anonymous_5)
DA:6,3
DA:7,2
DA:8,2
DA:11,3
DA:19,5
DA:20,5
DA:22,5
DA:23,1
DA:24,1
DA:27,3
DA:31,2
DA:32,1
DA:34,3
DA:35,1
DA:36,1
DA:39,2
DA:41,2
DA:42,1
DA:43,1
DA:44,1
DA:47,1
DA:48,1
DA:53,1
DA:56,1
DA:57,1
DA:59,0
DA:64,3
DA:71,4
DA:72,4
DA:74,4
DA:75,1
DA:76,1
DA:79,3
DA:80,1
DA:81,1
DA:84,1
DA:85,1
DA:90,1
DA:92,1
DA:94,1
DA:98,3
DA:99,5
DA:100,5
DA:102,5
LF:44
LH:43
BRDA:22,0,0,1
BRDA:22,0,1,3
BRDA:34,1,0,1
BRDA:34,1,1,2
BRDA:41,2,0,1
BRDA:41,2,1,1
BRDA:56,3,0,1
BRDA:56,3,1,0
BRDA:74,4,0,1
BRDA:74,4,1,3
BRDA:74,5,0,4
BRDA:74,5,1,3
BRDA:79,6,0,1
BRDA:79,6,1,1
BRF:14
BRH:13
end_of_record
TN:
SF:src/custom_components/notNotesRelated/encryption_modal/container-encryption-modal.tsx
FN:18,(anonymous_0)
FN:28,(anonymous_1)
FN:29,(anonymous_2)
FN:37,(anonymous_3)
FN:41,(anonymous_4)
FN:47,(anonymous_5)
FN:50,(anonymous_6)
FN:53,(anonymous_7)
FN:58,(anonymous_8)
FN:64,(anonymous_9)
FN:67,(anonymous_10)
FN:81,(anonymous_11)
FNF:12
FNH:12
FNDA:27,(anonymous_0)
FNDA:12,(anonymous_1)
FNDA:12,(anonymous_2)
FNDA:19,(anonymous_3)
FNDA:3,(anonymous_4)
FNDA:4,(anonymous_5)
FNDA:2,(anonymous_6)
FNDA:1,(anonymous_7)
FNDA:1,(anonymous_8)
FNDA:1,(anonymous_9)
FNDA:1,(anonymous_10)
FNDA:1,(anonymous_11)
DA:18,3
DA:19,27
DA:20,27
DA:21,27
DA:22,27
DA:25,27
DA:28,27
DA:29,12
DA:30,12
DA:31,7
DA:34,12
DA:37,27
DA:38,19
DA:41,27
DA:42,3
DA:43,3
DA:44,3
DA:47,27
DA:48,4
DA:51,2
DA:54,1
DA:55,1
DA:56,1
DA:59,1
DA:65,1
DA:68,1
DA:74,27
DA:81,1
LF:28
LH:28
BRDA:24,0,0,27
BRDA:24,0,1,15
BRDA:30,1,0,7
BRDA:30,1,1,5
BRDA:38,2,0,19
BRDA:38,2,1,7
BRDA:52,3,0,2
BRDA:52,3,1,2
BRF:8
BRH:8
end_of_record
TN:
SF:src/custom_components/notNotesRelated/encryption_modal/screen-encryption-modal.tsx
FN:20,(anonymous_0)
FN:45,(anonymous_1)
FN:106,(anonymous_2)
FNF:3
FNH:2
FNDA:31,(anonymous_0)
FNDA:0,(anonymous_1)
FNDA:5,(anonymous_2)
DA:20,4
DA:28,31
DA:29,31
DA:33,31
DA:45,0
DA:106,5
LF:6
LH:5
BRDA:44,0,0,31
BRDA:44,0,1,31
BRDA:64,1,0,31
BRDA:64,1,1,19
BRDA:102,2,0,31
BRDA:102,2,1,19
BRDA:115,3,0,31
BRDA:115,3,1,8
BRF:8
BRH:8
end_of_record
TN:
SF:src/custom_components/notNotesRelated/navBar/container-navBar.tsx
FN:10,(anonymous_0)
FN:22,(anonymous_1)
FN:30,(anonymous_2)
FN:34,(anonymous_3)
FN:39,(anonymous_4)
FN:44,(anonymous_5)
FNF:6
FNH:5
FNDA:10,(anonymous_0)
FNDA:1,(anonymous_1)
FNDA:1,(anonymous_2)
FNDA:2,(anonymous_3)
FNDA:1,(anonymous_4)
FNDA:0,(anonymous_5)
DA:10,7
DA:13,10
DA:14,10
DA:15,10
DA:16,10
DA:19,10
DA:20,10
DA:22,10
DA:23,1
DA:24,1
DA:26,0
DA:30,10
DA:31,1
DA:34,10
DA:35,2
DA:36,2
DA:39,10
DA:40,1
DA:41,1
DA:44,10
DA:45,0
DA:46,0
DA:47,0
DA:51,10
LF:24
LH:20
BRDA:23,0,0,1
BRDA:23,0,1,0
BRDA:45,1,0,0
BRDA:45,1,1,0
BRDA:45,2,0,0
BRDA:45,2,1,0
BRDA:55,3,0,10
BRDA:55,3,1,8
BRDA:55,3,2,8
BRDA:55,3,3,8
BRDA:55,3,4,8
BRDA:62,4,0,10
BRDA:62,4,1,10
BRF:13
BRH:8
end_of_record
TN:
SF:src/custom_components/notNotesRelated/navBar/screen-navBar.tsx
FN:20,(anonymous_0)
FNF:1
FNH:1
FNDA:10,(anonymous_0)
DA:20,7
DA:32,10
LF:2
LH:2
BRDA:46,0,0,2
BRDA:46,0,1,8
BRDA:61,1,0,2
BRDA:61,1,1,0
BRDA:101,2,0,10
BRDA:101,2,1,10
BRF:6
BRH:5
end_of_record
TN:
SF:src/custom_components/notNotesRelated/settings/container_settings.tsx
FN:16,(anonymous_0)
FN:19,(anonymous_1)
FN:26,(anonymous_2)
FN:38,(anonymous_3)
FN:39,(anonymous_4)
FN:47,(anonymous_5)
FN:68,(anonymous_6)
FN:75,(anonymous_7)
FN:89,(anonymous_8)
FN:101,(anonymous_9)
FN:141,(anonymous_10)
FN:152,(anonymous_11)
FN:176,(anonymous_12)
FN:177,(anonymous_13)
FN:180,(anonymous_14)
FN:185,(anonymous_15)
FNF:16
FNH:8
FNDA:8,(anonymous_0)
FNDA:0,(anonymous_1)
FNDA:0,(anonymous_2)
FNDA:4,(anonymous_3)
FNDA:4,(anonymous_4)
FNDA:0,(anonymous_5)
FNDA:1,(anonymous_6)
FNDA:1,(anonymous_7)
FNDA:1,(anonymous_8)
FNDA:1,(anonymous_9)
FNDA:1,(anonymous_10)
FNDA:0,(anonymous_11)
FNDA:0,(anonymous_12)
FNDA:0,(anonymous_13)
FNDA:0,(anonymous_14)
FNDA:0,(anonymous_15)
DA:16,3
DA:17,8
DA:19,8
DA:20,0
DA:21,0
DA:23,0
DA:26,8
DA:27,0
DA:28,0
DA:30,0
DA:34,8
DA:35,8
DA:37,8
DA:38,8
DA:39,4
DA:40,4
DA:41,4
DA:44,4
DA:47,8
DA:51,0
DA:52,0
DA:53,0
DA:54,0
DA:55,0
DA:62,0
DA:63,0
DA:64,0
DA:68,8
DA:69,1
DA:70,1
DA:71,1
DA:75,8
DA:76,1
DA:77,1
DA:78,1
DA:81,1
DA:83,0
DA:84,0
DA:89,8
DA:90,1
DA:91,1
DA:92,1
DA:93,1
DA:94,1
DA:95,1
DA:96,1
DA:98,1
DA:101,8
DA:102,1
DA:103,1
DA:104,2
DA:105,2
DA:106,2
DA:107,2
DA:108,2
DA:109,2
DA:114,1
DA:115,1
DA:116,1
DA:118,1
DA:124,1
DA:125,1
DA:130,1
DA:134,1
DA:137,0
DA:141,8
DA:142,1
DA:143,1
DA:144,1
DA:145,1
DA:146,1
DA:147,1
DA:148,1
DA:149,1
DA:152,8
DA:155,0
DA:156,0
DA:157,0
DA:158,0
DA:159,0
DA:160,0
DA:161,0
DA:162,0
DA:163,0
DA:164,0
DA:165,0
DA:166,0
DA:167,0
DA:171,0
DA:176,8
DA:177,0
DA:178,0
DA:180,0
DA:181,0
DA:182,0
DA:185,0
DA:186,0
DA:189,0
DA:193,8
LF:99
LH:60
BRDA:20,0,0,0
BRDA:20,0,1,0
BRDA:27,1,0,0
BRDA:27,1,1,0
BRDA:40,2,0,4
BRDA:40,2,1,0
BRDA:51,3,0,0
BRDA:51,3,1,0
BRDA:53,4,0,0
BRDA:53,4,1,0
BRDA:69,5,0,1
BRDA:69,5,1,0
BRDA:76,6,0,1
BRDA:76,6,1,0
BRDA:105,7,0,2
BRDA:105,7,1,0
BRDA:107,8,0,2
BRDA:107,8,1,0
BRDA:155,9,0,0
BRDA:155,9,1,0
BRDA:156,10,0,0
BRDA:156,10,1,0
BRDA:157,11,0,0
BRDA:157,11,1,0
BRDA:159,12,0,0
BRDA:159,12,1,0
BRDA:163,13,0,0
BRDA:163,13,1,0
BRDA:166,14,0,0
BRDA:166,14,1,0
BRF:30
BRH:5
end_of_record
TN:
SF:src/custom_components/notNotesRelated/settings/screen_settings.tsx
FN:24,(anonymous_0)
FN:39,(anonymous_1)
FN:87,(anonymous_2)
FN:94,(anonymous_3)
FN:101,(anonymous_4)
FN:139,(anonymous_5)
FN:146,(anonymous_6)
FNF:7
FNH:6
FNDA:16,(anonymous_0)
FNDA:0,(anonymous_1)
FNDA:1,(anonymous_2)
FNDA:2,(anonymous_3)
FNDA:2,(anonymous_4)
FNDA:1,(anonymous_5)
FNDA:1,(anonymous_6)
DA:24,4
DA:35,16
DA:36,16
DA:39,16
DA:41,16
DA:87,1
DA:94,2
DA:101,2
DA:139,1
DA:146,1
LF:10
LH:10
BRDA:44,0,0,16
BRDA:44,0,1,0
BRDA:61,1,0,16
BRDA:61,1,1,0
BRDA:69,2,0,16
BRDA:69,2,1,16
BRDA:73,3,0,16
BRDA:73,3,1,12
BRF:8
BRH:6
end_of_record
TN:
SF:src/custom_components/notNotesRelated/welcomeOverlay/welcomeOverlay.tsx
FN:9,(anonymous_0)
FN:13,(anonymous_1)
FN:33,(anonymous_2)
FNF:3
FNH:3
FNDA:36,(anonymous_0)
FNDA:1,(anonymous_1)
FNDA:2,(anonymous_2)
DA:9,5
DA:10,36
DA:11,36
DA:13,36
DA:14,1
DA:15,1
DA:18,36
DA:33,2
DA:61,5
DA:74,5
DA:83,5
LF:11
LH:11
BRDA:20,0,0,34
BRDA:20,0,1,2
BRF:2
BRH:2
end_of_record
TN:
SF:src/modules/app_configuration/app_texts.ts
FNF:0
FNH:0
DA:1,2
LF:1
LH:1
BRF:0
BRH:0
end_of_record
TN:
SF:src/modules/legal/codeToTextParser.tsx
FN:7,(anonymous_0)
FN:8,(anonymous_1)
FN:11,(anonymous_2)
FNF:3
FNH:3
FNDA:11,(anonymous_0)
FNDA:11,(anonymous_1)
FNDA:12,(anonymous_2)
DA:7,5
DA:8,11
DA:9,11
DA:10,11
DA:11,11
DA:12,12
DA:13,12
DA:14,12
DA:15,12
DA:16,6
DA:17,6
DA:18,5
DA:20,6
DA:21,6
DA:22,6
DA:23,6
DA:25,12
DA:26,12
DA:27,10
DA:29,12
DA:36,11
DA:39,11
LF:22
LH:22
BRDA:17,0,0,5
BRDA:17,0,1,1
BRDA:26,1,0,10
BRDA:26,1,1,2
BRDA:32,2,0,12
BRDA:32,2,1,1
BRF:6
BRH:6
end_of_record
TN:
SF:src/modules/legal/datenschutz.tsx
FN:8,(anonymous_0)
FN:13,(anonymous_1)
FNF:2
FNH:1
FNDA:2,(anonymous_0)
FNDA:0,(anonymous_1)
DA:8,3
DA:9,2
DA:10,2
DA:13,2
DA:15,2
LF:5
LH:5
BRDA:18,0,0,2
BRDA:18,0,1,0
BRDA:35,1,0,2
BRDA:35,1,1,0
BRF:4
BRH:2
end_of_record
TN:
SF:src/modules/legal/impressum.tsx
FN:8,(anonymous_0)
FN:13,(anonymous_1)
FNF:2
FNH:1
FNDA:2,(anonymous_0)
FNDA:0,(anonymous_1)
DA:8,3
DA:9,2
DA:10,2
DA:13,2
DA:15,2
LF:5
LH:5
BRDA:18,0,0,2
BRDA:18,0,1,0
BRDA:35,1,0,2
BRDA:35,1,1,0
BRF:4
BRH:2
end_of_record
TN:
SF:src/modules/legal/usedLibs/container_usedLibList.tsx
FN:27,(anonymous_0)
FN:31,(anonymous_1)
FN:43,(anonymous_2)
FN:47,(anonymous_3)
FNF:4
FNH:4
FNDA:22,(anonymous_0)
FNDA:5280,(anonymous_1)
FNDA:2,(anonymous_2)
FNDA:1,(anonymous_3)
DA:27,5
DA:28,22
DA:29,22
DA:31,22
DA:32,5280
DA:33,5280
DA:43,22
DA:44,2
DA:47,22
DA:48,1
DA:51,22
LF:11
LH:11
BRF:0
BRH:0
end_of_record
TN:
SF:src/modules/legal/usedLibs/screen_usedLibList.tsx
FN:32,(anonymous_0)
FN:38,(anonymous_1)
FN:54,(anonymous_2)
FN:58,(anonymous_3)
FNF:4
FNH:4
FNDA:23,(anonymous_0)
FNDA:1,(anonymous_1)
FNDA:5281,(anonymous_2)
FNDA:1,(anonymous_3)
DA:13,6
DA:32,6
DA:37,23
DA:38,23
DA:39,1
DA:42,23
DA:55,5281
DA:58,1
LF:8
LH:8
BRF:0
BRH:0
end_of_record
TN:
SF:src/modules/ui/floatingBtn.tsx
FN:19,(anonymous_0)
FNF:1
FNH:1
FNDA:80,(anonymous_0)
DA:19,7
DA:23,80
DA:25,20
DA:32,20
DA:34,14
DA:41,14
DA:43,46
DA:50,46
DA:53,80
LF:9
LH:9
BRDA:23,0,0,20
BRDA:23,0,1,14
BRDA:23,0,2,46
BRF:3
BRH:3
end_of_record
